#
# There is insufficient memory for the Java Runtime Environment to continue.
# Native memory allocation (mmap) failed to map 130023424 bytes for G1 virtual space
# Possible reasons:
#   The system is out of physical RAM or swap space
#   The process is running with CompressedOops enabled, and the Java Heap may be blocking the growth of the native heap
# Possible solutions:
#   Reduce memory load on the system
#   Increase physical memory or swap space
#   Check if swap backing store is full
#   Decrease Java heap size (-Xmx/-Xms)
#   Decrease number of Java threads
#   Decrease Java thread stack sizes (-Xss)
#   Set larger code cache with -XX:ReservedCodeCacheSize=
#   JVM is running with Unscaled Compressed Oops mode in which the Java heap is
#     placed in the first 4GB address space. The Java Heap base address is the
#     maximum limit for the native heap growth. Please use -XX:HeapBaseMinAddress
#     to set the Java Heap base and to place the Java Heap above 4GB virtual address.
# This output file may be truncated or incomplete.
#
#  Out of Memory Error (os_windows.cpp:3600), pid=42852, tid=40176
#
# JRE version:  (21.0.2+13) (build )
# Java VM: Java HotSpot(TM) 64-Bit Server VM (21.0.2+13-LTS-58, mixed mode, sharing, tiered, compressed oops, compressed class ptrs, g1 gc, windows-amd64)
# No core dump will be written. Minidumps are not enabled by default on client versions of Windows
#

---------------  S U M M A R Y ------------

Command Line: -XX:+ShowCodeDetailsInExceptionMessages NotFound.picnic.PicnicApplication

Host: Intel(R) Core(TM) i5-8250U CPU @ 1.60GHz, 8 cores, 7G,  Windows 11 , 64 bit Build 22621 (10.0.22621.3374)
Time: Tue Apr 23 18:53:56 2024  Windows 11 , 64 bit Build 22621 (10.0.22621.3374) elapsed time: 0.127698 seconds (0d 0h 0m 0s)

---------------  T H R E A D  ---------------

Current thread (0x000002c6a9a0bbe0):  JavaThread "Unknown thread" [_thread_in_vm, id=40176, stack(0x000000f442d00000,0x000000f442e00000) (1024K)]

Stack: [0x000000f442d00000,0x000000f442e00000]
Native frames: (J=compiled Java code, j=interpreted, Vv=VM code, C=native code)
V  [jvm.dll+0x6cade9]
V  [jvm.dll+0x8569c1]
V  [jvm.dll+0x858d2e]
V  [jvm.dll+0x859413]
V  [jvm.dll+0x280e56]
V  [jvm.dll+0x6c74d5]
V  [jvm.dll+0x6bbeca]
V  [jvm.dll+0x355bca]
V  [jvm.dll+0x35d816]
V  [jvm.dll+0x3ae67e]
V  [jvm.dll+0x3ae928]
V  [jvm.dll+0x3295dc]
V  [jvm.dll+0x32a16b]
V  [jvm.dll+0x81efa9]
V  [jvm.dll+0x3bba01]
V  [jvm.dll+0x807928]
V  [jvm.dll+0x44f50e]
V  [jvm.dll+0x450e11]
C  [jli.dll+0x52a3]
C  [ucrtbase.dll+0x29333]
C  [KERNEL32.DLL+0x1257d]
C  [ntdll.dll+0x5aa48]


---------------  P R O C E S S  ---------------

Threads class SMR info:
_java_thread_list=0x00007ffbdf01bb88, length=0, elements={
}

Java Threads: ( => current thread )
Total: 0

Other Threads:
  0x000002c6abd2b990 WorkerThread "GC Thread#0"                     [id=31968, stack(0x000000f442e00000,0x000000f442f00000) (1024K)]
  0x000002c6abd3c840 ConcurrentGCThread "G1 Main Marker"            [id=28328, stack(0x000000f442f00000,0x000000f443000000) (1024K)]
  0x000002c6abd3db50 WorkerThread "G1 Conc#0"                       [id=6984, stack(0x000000f443000000,0x000000f443100000) (1024K)]

[error occurred during error reporting (printing all threads), id 0xc0000005, EXCEPTION_ACCESS_VIOLATION (0xc0000005) at pc=0x00007ffbde78c6a7]
VM state: not at safepoint (not fully initialized)

VM Mutex/Monitor currently owned by a thread:  ([mutex/lock_event])
[0x00007ffbdf08ce68] Heap_lock - owner thread: 0x000002c6a9a0bbe0

Heap address: 0x0000000085800000, size: 1960 MB, Compressed Oops mode: 32-bit

CDS archive(s) mapped at: [0x0000000000000000-0x0000000000000000-0x0000000000000000), size 0, SharedBaseAddress: 0x0000000800000000, ArchiveRelocationMode: 1.
Narrow klass base: 0x0000000000000000, Narrow klass shift: 0, Narrow klass range: 0x0

GC Precious Log:
 CardTable entry size: 512
 Card Set container configuration: InlinePtr #cards 5 size 8 Array Of Cards #cards 12 size 40 Howl #buckets 4 coarsen threshold 1843 Howl Bitmap #cards 512 size 80 coarsen threshold 460 Card regions per heap region 1 cards per card region 2048

Heap:
 garbage-first heap   total 0K, used 0K [0x0000000085800000, 0x0000000100000000)
  region size 1024K, 0 young (0K), 0 survivors (0K)

[error occurred during error reporting (printing heap information), id 0xc0000005, EXCEPTION_ACCESS_VIOLATION (0xc0000005) at pc=0x00007ffbdeb739f9]
GC Heap History (0 events):
No events

Dll operation events (1 events):
Event: 0.055 Loaded shared library C:\Program Files\Java\jdk-21\bin\java.dll

Deoptimization events (0 events):
No events

Classes loaded (0 events):
No events

Classes unloaded (0 events):
No events

Classes redefined (0 events):
No events

Internal exceptions (0 events):
No events

ZGC Phase Switch (0 events):
No events

VM Operations (0 events):
No events

Events (0 events):
No events


Dynamic libraries:
0x00007ff774120000 - 0x00007ff774130000 	C:\Program Files\Java\jdk-21\bin\java.exe
0x00007ffc5aef0000 - 0x00007ffc5b106000 	C:\WINDOWS\SYSTEM32\ntdll.dll
0x00007ffc59ad0000 - 0x00007ffc59b94000 	C:\WINDOWS\System32\KERNEL32.DLL
0x00007ffc582b0000 - 0x00007ffc58657000 	C:\WINDOWS\System32\KERNELBASE.dll
0x00007ffc58690000 - 0x00007ffc587a1000 	C:\WINDOWS\System32\ucrtbase.dll
0x00007ffc4b5a0000 - 0x00007ffc4b5bb000 	C:\Program Files\Java\jdk-21\bin\VCRUNTIME140.dll
0x00007ffc4b580000 - 0x00007ffc4b599000 	C:\Program Files\Java\jdk-21\bin\jli.dll
0x00007ffc5ac40000 - 0x00007ffc5acf2000 	C:\WINDOWS\System32\ADVAPI32.dll
0x00007ffc5a6e0000 - 0x00007ffc5a787000 	C:\WINDOWS\System32\msvcrt.dll
0x00007ffc5a9e0000 - 0x00007ffc5aa88000 	C:\WINDOWS\System32\sechost.dll
0x00007ffc58660000 - 0x00007ffc58688000 	C:\WINDOWS\System32\bcrypt.dll
0x00007ffc5a400000 - 0x00007ffc5a515000 	C:\WINDOWS\System32\RPCRT4.dll
0x00007ffc592d0000 - 0x00007ffc5947e000 	C:\WINDOWS\System32\USER32.dll
0x00007ffc58280000 - 0x00007ffc582a6000 	C:\WINDOWS\System32\win32u.dll
0x00007ffc58fe0000 - 0x00007ffc59009000 	C:\WINDOWS\System32\GDI32.dll
0x00007ffc4d4d0000 - 0x00007ffc4d763000 	C:\WINDOWS\WinSxS\amd64_microsoft.windows.common-controls_6595b64144ccf1df_6.0.22621.3235_none_270f74e173860f98\COMCTL32.dll
0x00007ffc587b0000 - 0x00007ffc588c9000 	C:\WINDOWS\System32\gdi32full.dll
0x00007ffc588d0000 - 0x00007ffc5896a000 	C:\WINDOWS\System32\msvcp_win.dll
0x00007ffc518d0000 - 0x00007ffc518da000 	C:\WINDOWS\SYSTEM32\VERSION.dll
0x00007ffc59980000 - 0x00007ffc599b1000 	C:\WINDOWS\System32\IMM32.DLL
0x00007ffc53b60000 - 0x00007ffc53b6c000 	C:\Program Files\Java\jdk-21\bin\vcruntime140_1.dll
0x00007ffc2c720000 - 0x00007ffc2c7ae000 	C:\Program Files\Java\jdk-21\bin\msvcp140.dll
0x00007ffbde450000 - 0x00007ffbdf167000 	C:\Program Files\Java\jdk-21\bin\server\jvm.dll
0x00007ffc5a610000 - 0x00007ffc5a681000 	C:\WINDOWS\System32\WS2_32.dll
0x00007ffc570b0000 - 0x00007ffc570fd000 	C:\WINDOWS\SYSTEM32\POWRPROF.dll
0x00007ffc512d0000 - 0x00007ffc51304000 	C:\WINDOWS\SYSTEM32\WINMM.dll
0x00007ffc57090000 - 0x00007ffc570a3000 	C:\WINDOWS\SYSTEM32\UMPDC.dll
0x00007ffc57340000 - 0x00007ffc57358000 	C:\WINDOWS\SYSTEM32\kernel.appcore.dll
0x00007ffc4b540000 - 0x00007ffc4b54a000 	C:\Program Files\Java\jdk-21\bin\jimage.dll
0x00007ffc4a5d0000 - 0x00007ffc4a803000 	C:\WINDOWS\SYSTEM32\DBGHELP.DLL
0x00007ffc58c20000 - 0x00007ffc58fa8000 	C:\WINDOWS\System32\combase.dll
0x00007ffc591f0000 - 0x00007ffc592c7000 	C:\WINDOWS\System32\OLEAUT32.dll
0x00007ffc49fb0000 - 0x00007ffc49fe2000 	C:\WINDOWS\SYSTEM32\dbgcore.DLL
0x00007ffc58970000 - 0x00007ffc589e9000 	C:\WINDOWS\System32\bcryptPrimitives.dll
0x00007ffc4b180000 - 0x00007ffc4b19f000 	C:\Program Files\Java\jdk-21\bin\java.dll

dbghelp: loaded successfully - version: 4.0.5 - missing functions: none
symbol engine: initialized successfully - sym options: 0x614 - pdb path: .;C:\Program Files\Java\jdk-21\bin;C:\WINDOWS\SYSTEM32;C:\WINDOWS\WinSxS\amd64_microsoft.windows.common-controls_6595b64144ccf1df_6.0.22621.3235_none_270f74e173860f98;C:\Program Files\Java\jdk-21\bin\server

VM Arguments:
jvm_args: -XX:+ShowCodeDetailsInExceptionMessages 
java_command: NotFound.picnic.PicnicApplication
java_class_path (initial): C:\Users\SUHWAN HYUN\picnic\bin\main;C:\Users\SUHWAN HYUN\picnic\bin\test;C:\Users\SUHWAN HYUN\picnic\bin\default;C:\Users\SUHWAN HYUN\.gradle\caches\modules-2\files-2.1\org.projectlombok\lombok\1.18.30\f195ee86e6c896ea47a1d39defbe20eb59cd149d\lombok-1.18.30.jar;C:\Users\SUHWAN HYUN\.gradle\caches\modules-2\files-2.1\org.springframework.boot\spring-boot-starter-security\3.2.3\f6353a8e62be7372b3968ab71e613b5188d55c3b\spring-boot-starter-security-3.2.3.jar;C:\Users\SUHWAN HYUN\.gradle\caches\modules-2\files-2.1\org.springframework.boot\spring-boot-starter-web\3.2.3\bf2b775d4f4e6349129c64de30939a5493779706\spring-boot-starter-web-3.2.3.jar;C:\Users\SUHWAN HYUN\.gradle\caches\modules-2\files-2.1\org.springframework.boot\spring-boot-starter-data-jpa\3.2.3\1fd0770b23c57627e5a37726fb4060f5bfa4da6f\spring-boot-starter-data-jpa-3.2.3.jar;C:\Users\SUHWAN HYUN\.gradle\caches\modules-2\files-2.1\org.springframework.boot\spring-boot-starter-validation\3.2.3\6bb79fe1a0760b5cec37bd85e31bd4cc987c8185\spring-boot-starter-validation-3.2.3.jar;C:\Users\SUHWAN HYUN\.gradle\caches\modules-2\files-2.1\io.jsonwebtoken\jjwt-impl\0.11.5\40a599f0e8a8e4e0701596fbb15e67bfda64fdf0\jjwt-impl-0.11.5.jar;C:\Users\SUHWAN HYUN\.gradle\caches\modules-2\files-2.1\io.jsonwebtoken\jjwt-jackson\0.11.5\3b83a06809e98a69402d7333dcf67df6f6ea4579\jjwt-jackson-0.11.5.jar;C:\Users\SUHWAN HYUN\.gradle\caches\modules-2\files-2.1\io.jsonwebtoken\jjwt-api\0.11.5\f742940045619d06383e7df37b21ac422b476cf1\jjwt-api-0.11.5.jar;C:\Users\SUHWAN HYUN\.gradle\caches\modules-2\files-2.1\org.springframework.cloud\spring-cloud-starter-aws\2.2.6.RELEASE\9d7c330b3f4aa477df2db27dd875a0e63a49456\spring-cloud-starter-aws-2.2.6.RELEASE.jar;C:\Users\SUHWAN HYUN\.gradle\caches\modules-2\files-2.1\javax.xml.bind\jaxb-api\2.3.1\8531ad5ac454cc2deb9d4d32c40c4d7451939b5d\jaxb-api-2.3.1.jar;C:\Users\SUHWAN HYUN\.gradle\caches\modules-2\files-2.1\com.sun.xml.bind\jaxb-core\2.3.0.1\23574ca124d0a694721ce3ef13cd720095f18fdd\jaxb-core-2.3.0.1.jar;C:\Users\SUHWAN HYUN\.gradle\caches\modules-2\files-2.1\com.sun.xml.bind\jaxb-impl\2.3.1\a1a12b85ba1435b4189e065f7dafcc3fb9410d38\jaxb-impl-2.3.1.jar;C:\Users\SUHWAN HYUN\.gradle\caches\modules-2\files-2.1\com.github.maricn\logback-slack-appender\1.4.0\8676bfe349b2006537e9f734ddd575ef06d50c5f\logback-slack-appender-1.4.0.jar;C:\Users\SUHWAN HYUN\.gradle\caches\modules-2\files-2.1\io.sentry\sentry-spring-boot-starter-jakarta\6.28.0\c3bae94b67ef1328d9b0e26339d31e76e809e13b\sentry-spring-boot-starter-jakarta-6.28.0.jar;C:\Users\SUHWAN HYUN\.gradle\caches\modules-2\files-2.1\io.sentry\sentry-logback\6.28.0\8d2b7c903ecc00f3941932411fea4a947c8ecc97\sentry-logback-6.28.0.jar;C:\Users\SUHWAN HYUN\.gradle\caches\modules-2\files-2.1\org.springframework.boot\spring-boot-starter-json\3.2.3\c71ec683425f09b7a213358d3b22959d929d1108\spring-boot-starter-json-3.2.3.jar;C:\Users\SUHWAN HYUN\.gradle\caches\modules-2\files-2.1\org.springframework.boot\spring-boot-starter-aop\3.2.3\db8d799efd6cacd3bd134d471c3f983cbc1a137\spring-boot-starter-aop-3.2.3.jar;C:\Users\SUHWAN HYUN\.gradle\caches\modules-2\files-2.1\org.springframework.boot\spring-boot-starter-jdbc\3.2.3\4c3632af95417c28c45342b08353ccaecaacbf3\spring-boot-starter-jdbc-3.2.3.jar;C:\Users\SUHWAN HYUN\.gradle\caches\modules-2\files-2.1\org.springframework.boot\spring-boot-starter\3.2.3\15f3e03b0fd9570f90bdce9651610cc152534cf4\spring-boot-starter-3.2.3.jar;C:\Users\SUHWAN HYUN\.gradle\caches\modules-2\files-2.1\org.springframework.security\spring-security-config\6.2.2\e1e3d332d9268aca2ce321be73215222f9a721f\spring-security-config-6.2.2.jar;C:\Users\SUHWAN HYUN\.gradle\caches\modules-2\files-2.1\org.springframework.security\spring-security-web\6.2.2\ad30f4614a6e88a1ac7e0b1e701d950d7bcda143\spring-security-web-6.2.2.jar;C:\Users\SUHWAN HYUN\.gradle\caches\modules-2\files-2.1\org.springframework\spring-webmvc\6.1.4\e7aad7c53e05c8772209e915029e121262a7bc33\spring-webmvc-6.1.4.jar;C:\Users\SUHWAN HYUN\.gradle\caches\modules-2\files-2.1\org.springframework.data\spring-data-jpa\3.2.3\ae734906f5fb1e1892da7ab48acb6d0e0d407673\spring-data-jpa-3.2.3.jar;C:\Users\SUHWAN HYUN\.gradle\caches\modules-2\files-2.1\org.springframework.security\spring-security-core\6.2.2\8cf7e96179c6f253ab36f76ebb24538a7e619f49\spring-security-core-6.2.2.jar;C:\Users\SUHWAN HYUN\.gradle\caches\modules-2\files-2.1\org.springframework.cloud\spring-cloud-aws-autoconfigure\2.2.6.RELEASE\e443d11a6714e24da9f57c18f55a122836f68483\spring-cloud-aws-autoconfigure-2.2.6.RELEASE.jar;C:\Users\SUHWAN HYUN\.gradle\caches\modules-2\files-2.1\org.springframework.cloud\spring-cloud-aws-context\2.2.6.RELEASE\e26fddbe55135d8ff23e9620e22eda649f5772ea\spring-cloud-aws-context-2.2.6.RELEASE.jar;C:\Users\SUHWAN HYUN\.gradle\caches\modules-2\files-2.1\org.springframework.boot\spring-boot-autoconfigure\3.2.3\59db74eb4196885bb5a149417ab1ab51dc9b6952\spring-boot-autoconfigure-3.2.3.jar;C:\Users\SUHWAN HYUN\.gradle\caches\modules-2\files-2.1\org.springframework.boot\spring-boot\3.2.3\b4aa6e3fdc4078fee4a4b9d702d9cc64e3fad1d4\spring-boot-3.2.3.jar;C:\Users\SUHWAN HYUN\.gradle\caches\modules-2\files-2.1\org.springframework\spring-context\6.1.4\765316bef55e41e4523f9b2780b8721ce5dd0fe2\spring-context-6.1.4.jar;C:\Users\SUHWAN HYUN\.gradle\caches\modules-2\files-2.1\org.springframework.cloud\spring-cloud-aws-core\2.2.6.RELEASE\34b42c1a931b1cb32750a33dfaa19fcbc9828b05\spring-cloud-aws-core-2.2.6.RELEASE.jar;C:\Users\SUHWAN HYUN\.gradle\caches\modules-2\files-2.1\org.springframework\spring-aop\6.1.4\26ae2c9e7f69b0235a2faca1c58416c51eaebef6\spring-aop-6.1.4.jar;C:\Users\SUHWAN HYUN\.gradle\caches\modules-2\files-2.1\org.springframework.boot\spring-boot-starter-tomcat\3.2.3\ac392404d41766194b8fce6834c71879f9e8f479\spring-boot-starter-tomcat-3.2.3.jar;C:\Users\SUHWAN HYUN\.gradle\caches\modules-2\files-2.1\org.springframework\spring-web\6.1.4\b237532e03330a7cf8f66dc147e62bbbe44c702f\spring-web-6.1.4.jar;C:\Users\SUHWAN HYUN\.gradle\caches\modules-2\files-2.1\org.hibernate.orm\hibernate-core\6.4.4.Final\5c9decb3c5a70bf7801d41fc32633416c26be069\hibernate-core-6.4.4.Final.jar;C:\Users\SUHWAN HYUN\.gradle\caches\modules-2\files-2.1\org.springframework\spring-aspects\6.1.4\2b1b5c0f9f639d0317b9f7c20c07f90b49fee6fb\spring-aspects-6.1.4.jar;C:\Users\SUHWAN HYUN\.gradle\caches\modules-2\files-2.1\org.apache.tomcat.embed\tomcat-embed-el\10.1.19\c61a582c391aca130884a5421deedfe1a96c7415\tomcat-embed-el-10.1.19.jar;C:\Users\SUHWAN HYUN\.gradle\caches\modules-2\files-2.1\org.hibernate.validator\hibernate-validator\8.0.1.Final\e49e116b3d3928060599b176b3538bb848718e95\hibernate-validator-8.0.1.Final.jar;C:\Users\SUHWAN HYUN\.gradle\caches\modules-2\files-2.1\com.fasterxml.jackson.datatype\jackson-datatype-jsr310\2.15.4\7de629770a4559db57128d35ccae7d2fddd35db3\jackson-datatype-jsr310-2.15.4.jar;C:\Users\SUHWAN HYUN\.gradle\caches\modules-2\files-2.1\com.fasterxml.jackson.module\jackson-module-parameter-names\2.15.4\e654497a08359db2521b69b5f710e00836915d8c\jackson-module-parameter-names-2.15.4.jar;C:\Users\SUHWAN HYUN\.gradle\caches\modules-2\files-2.1\com.fasterxml.jackson.core\jackson-annotations\2.15.4\5223ea5a9bf52cdc9c5e537a0e52f2432eaf208b\jackson-annotations-2.15.4.jar;C:\Users\SUHWAN HYUN\.gradle\caches\modules-2\files-2.1\com.amazonaws\aws-java-sdk-s3\1.11.792\e30d3f0aa9ac2ca0d8c16f94344cbac4b121b3f5\aws-java-sdk-s3-1.11.792.jar;C:\Users\SUHWAN HYUN\.gradle\caches\modules-2\files-2.1\com.amazonaws\aws-java-sdk-ec2\1.11.792\48da18a2cf90a25ccd957730555f675d3c307618\aws-java-sdk-ec2-1.11.792.jar;C:\Users\SUHWAN HYUN\.gradle\caches\modules-2\files-2.1\com.amazonaws\aws-java-sdk-cloudformation\1.11.792\8062fe8b90d491eb6edea432cfcdc12c17ab613d\aws-java-sdk-cloudformation-1.11.792.jar;C:\Users\SUHWAN HYUN\.gradle\caches\modules-2\files-2.1\com.amazonaws\aws-java-sdk-kms\1.11.792\f1be0a48b97061850387a0c25a462a2b21d0fec0\aws-java-sdk-kms-1.11.792.jar;C:\Users\SUHWAN HYUN\.gradle\caches\modules-2\files-2.1\com.amazonaws\aws-java-sdk-core\1.11.792\637fb072aa9c4be658e1d1e2a3df727a25c05b59\aws-java-sdk-core-1.11.792.jar;C:\Users\SUHWAN HYUN\.gradle\caches\modules-2\files-2.1\com.fasterxml.jackson.dataformat\jackson-dataformat-cbor\2.15.4\4416d9cc61bde0c0b11d38e66d219090be4a2b70\jackson-dataformat-cbor-2.15.4.jar;C:\Users\SUHWAN HYUN\.gradle\caches\modules-2\files-2.1\com.fasterxml.jackson.core\jackson-core\2.15.4\aebe84b45360debad94f692a4074c6aceb535fa0\jackson-core-2.15.4.jar;C:\Users\SUHWAN HYUN\.gradle\caches\modules-2\files-2.1\com.fasterxml.jackson.datatype\jackson-datatype-jdk8\2.15.4\694777f182334a21bf1aeab1b04cc4398c801f3f\jackson-datatype-jdk8-2.15.4.jar;C:\Users\SUHWAN HYUN\.gradle\caches\modules-2\files-2.1\com.amazonaws\jmespath-java\1.11.792\5eaebefdfa6ba75713b37cd16988de9c2ffd0ebe\jmespath-java-1.11.792.jar;C:\Users\SUHWAN HYUN\.gradle\caches\modules-2\files-2.1\com.fasterxml.jackson.core\jackson-databind\2.15.4\560309fc381f77d4d15c4a4cdaa0db5025c4fd13\jackson-databind-2.15.4.jar;C:\Users\SUHWAN HYUN\.gradle\caches\modules-2\files-2.1\org.springframework.boot\spring-boot-starter-logging\3.2.3\c186015229d7f5cbd30ea99bf903a8cede6d849f\spring-boot-starter-logging-3.2.3.jar;C:\Users\SUHWAN HYUN\.gradle\caches\modules-2\files-2.1\ch.qos.logback\logback-classic\1.4.14\d98bc162275134cdf1518774da4a2a17ef6fb94d\logback-classic-1.4.14.jar;C:\Users\SUHWAN HYUN\.gradle\caches\modules-2\files-2.1\com.zaxxer\HikariCP\5.0.1\a74c7f0a37046846e88d54f7cb6ea6d565c65f9c\HikariCP-5.0.1.jar;C:\Users\SUHWAN HYUN\.gradle\caches\modules-2\files-2.1\org.springframework.data\spring-data-commons\3.2.3\9b09afa13803c321e4b72ef5448e0d93d9f8ca18\spring-data-commons-3.2.3.jar;C:\Users\SUHWAN HYUN\.gradle\caches\modules-2\files-2.1\org.apache.logging.log4j\log4j-to-slf4j\2.21.1\d77b2ba81711ed596cd797cc2b5b5bd7409d841c\log4j-to-slf4j-2.21.1.jar;C:\Users\SUHWAN HYUN\.gradle\caches\modules-2\files-2.1\org.slf4j\jul-to-slf4j\2.0.12\eb5f48f782b41cc881b0bf1fb4d88ae2ff6d5b93\jul-to-slf4j-2.0.12.jar;C:\Users\SUHWAN HYUN\.gradle\caches\modules-2\files-2.1\org.slf4j\slf4j-api\2.0.12\48f109a2a6d8f446c794f3e3fa0d86df0cdfa312\slf4j-api-2.0.12.jar;C:\Users\SUHWAN HYUN\.gradle\caches\modules-2\files-2.1\javax.activation\javax.activation-api\1.2.0\85262acf3ca9816f9537ca47d5adeabaead7cb16\javax.activation-api-1.2.0.jar;C:\Users\SUHWAN HYUN\.gradle\caches\modules-2\files-2.1\io.sentry\sentry-spring-boot-jakarta\6.28.0\48e4aabf67cd4099273f9bb68f2b53689d008a0\sentry-spring-boot-jakarta-6.28.0.jar;C:\Users\SUHWAN HYUN\.gradle\caches\modules-2\files-2.1\io.sentry\sentry-spring-jakarta\6.28.0\ca950516aac3e12ca9b4b13a6692fdf4dd9c7dab\sentry-spring-jakarta-6.28.0.jar;C:\Users\SUHWAN HYUN\.gradle\caches\modules-2\files-2.1\io.sentry\sentry\6.28.0\419b6576bede3f9bbadf8b6038de0850ec1d26b8\sentry-6.28.0.jar;C:\Users\SUHWAN HYUN\.gradle\caches\modules-2\files-2.1\jakarta.annotation\jakarta.annotation-api\2.1.1\48b9bda22b091b1f48b13af03fe36db3be6e1ae3\jakarta.annotation-api-2.1.1.jar;C:\Users\SUHWAN HYUN\.gradle\caches\modules-2\files-2.1\org.springframework\spring-orm\6.1.4\d8119336a38cba3e794bfec7761e2690056affe0\spring-orm-6.1.4.jar;C:\Users\SUHWAN HYUN\.gradle\caches\modules-2\files-2.1\org.springframework\spring-jdbc\6.1.4\4e9ac0b228f11a90f6bc647276fdffa7ac0f12fe\spring-jdbc-6.1.4.jar;C:\Users\SUHWAN HYUN\.gradle\caches\modules-2\files-2.1\org.springframework\spring-tx\6.1.4\7179b3c7febc0514556ea4e3f1613cacb358078d\spring-tx-6.1.4.jar;C:\Users\SUHWAN HYUN\.gradle\caches\modules-2\files-2.1\org.springframework\spring-beans\6.1.4\e311cc9937d522a1051622580b4a2c250fc74164\spring-beans-6.1.4.jar;C:\Users\SUHWAN HYUN\.gradle\caches\modules-2\files-2.1\org.springframework\spring-expression\6.1.4\a1f2e3af83c7222b7f95f68a8e0666fdcceb35e1\spring-expression-6.1.4.jar;C:\Users\SUHWAN HYUN\.gradle\caches\modules-2\files-2.1\org.springframework\spring-core\6.1.4\3b4dde8f55c3d5d4e948de64b866d7bb27e5a8d4\spring-core-6.1.4.jar;C:\Users\SUHWAN HYUN\.gradle\caches\modules-2\files-2.1\org.yaml\snakeyaml\2.2\3af797a25458550a16bf89acc8e4ab2b7f2bfce0\snakeyaml-2.2.jar;C:\Users\SUHWAN HYUN\.gradle\caches\modules-2\files-2.1\org.apache.tomcat.embed\tomcat-embed-websocket\10.1.19\adf4710fac2471236f8a466ca678cdf7e6a8257c\tomcat-embed-websocket-10.1.19.jar;C:\Users\SUHWAN HYUN\.gradle\caches\modules-2\files-2.1\org.apache.tomcat.embed\tomcat-embed-core\10.1.19\3dbbca8acbd4dd6a137c3d6f934a2931512b42ce\tomcat-embed-core-10.1.19.jar;C:\Users\SUHWAN HYUN\.gradle\caches\modules-2\files-2.1\io.micrometer\micrometer-observation\1.12.3\105f768c211564fcebe4d79419bda4ebef0d0ac7\micrometer-observation-1.12.3.jar;C:\Users\SUHWAN HYUN\.gradle\caches\modules-2\files-2.1\org.aspectj\aspectjweaver\1.9.21\beaabaea95c7f3330f415c72ee0ffe79b51d172f\aspectjweaver-1.9.21.jar;C:\Users\SUHWAN HYUN\.gradle\caches\modules-2\files-2.1\jakarta.persistence\jakarta.persistence-api\3.1.0\66901fa1c373c6aff65c13791cc11da72060a8d6\jakarta.persistence-api-3.1.0.jar;C:\Users\SUHWAN HYUN\.gradle\caches\modules-2\files-2.1\jakarta.transaction\jakarta.transaction-api\2.0.1\51a520e3fae406abb84e2e1148e6746ce3f80a1a\jakarta.transaction-api-2.0.1.jar;C:\Users\SUHWAN HYUN\.gradle\caches\modules-2\files-2.1\org.antlr\antlr4-runtime\4.13.0\5a02e48521624faaf5ff4d99afc88b01686af655\antlr4-runtime-4.13.0.jar;C:\Users\SUHWAN HYUN\.gradle\caches\modules-2\files-2.1\jakarta.validation\jakarta.validation-api\3.0.2\92b6631659ba35ca09e44874d3eb936edfeee532\jakarta.validation-api-3.0.2.jar;C:\Users\SUHWAN HYUN\.gradle\caches\modules-2\files-2.1\org.jboss.logging\jboss-logging\3.5.3.Final\c88fc1d8a96d4c3491f55d4317458ccad53ca663\jboss-logging-3.5.3.Final.jar;C:\Users\SUHWAN HYUN\.gradle\caches\modules-2\files-2.1\com.fasterxml\classmate\1.6.0\91affab6f84a2182fce5dd72a8d01bc14346dddd\classmate-1.6.0.jar;C:\Users\SUHWAN HYUN\.gradle\caches\modules-2\files-2.1\ch.qos.logback\logback-core\1.4.14\4d3c2248219ac0effeb380ed4c5280a80bf395e8\logback-core-1.4.14.jar;C:\Users\SUHWAN HYUN\.gradle\caches\modules-2\files-2.1\org.springframework\spring-jcl\6.1.4\a244bd674a5431dfdce68d28cdf857104e6fff67\spring-jcl-6.1.4.jar;C:\Users\SUHWAN HYUN\.gradle\caches\modules-2\files-2.1\org.springframework.security\spring-security-crypto\6.2.2\bd1b47ce6593b4d66a1f12e023b59dacc00db00a\spring-security-crypto-6.2.2.jar;C:\Users\SUHWAN HYUN\.gradle\caches\modules-2\files-2.1\io.micrometer\micrometer-commons\1.12.3\83add2dda5cdc811fefb83e858c7412a176fe5b1\micrometer-commons-1.12.3.jar;C:\Users\SUHWAN HYUN\.gradle\caches\modules-2\files-2.1\org.apache.logging.log4j\log4j-api\2.21.1\74c65e87b9ce1694a01524e192d7be989ba70486\log4j-api-2.21.1.jar;C:\Users\SUHWAN HYUN\.gradle\caches\modules-2\files-2.1\org.apache.httpcomponents\httpclient\4.5.9\a25c1be5ce99d0ce99aa43eb982868c796dd0775\httpclient-4.5.9.jar;C:\Users\SUHWAN HYUN\.gradle\caches\modules-2\files-2.1\software.amazon.ion\ion-java\1.0.2\ee9dacea7726e495f8352b81c12c23834ffbc564\ion-java-1.0.2.jar;C:\Users\SUHWAN HYUN\.gradle\caches\modules-2\files-2.1\joda-time\joda-time\2.8.1\f5bfc718c95a7b1d3c371bb02a188a4df18361a9\joda-time-2.8.1.jar;C:\Users\SUHWAN HYUN\.gradle\caches\modules-2\files-2.1\org.apache.httpcomponents\httpcore\4.4.16\51cf043c87253c9f58b539c9f7e44c8894223850\httpcore-4.4.16.jar;C:\Users\SUHWAN HYUN\.gradle\caches\modules-2\files-2.1\commons-codec\commons-codec\1.16.1\47bd4d333fba53406f6c6c51884ddbca435c8862\commons-codec-1.16.1.jar;C:\Users\SUHWAN HYUN\.gradle\caches\modules-2\files-2.1\org.springframework.boot\spring-boot-devtools\3.2.3\b474cd30a54aae2152ff6bc8a31378ee40237407\spring-boot-devtools-3.2.3.jar;C:\Users\SUHWAN HYUN\.gradle\caches\modules-2\files-2.1\com.mysql\mysql-connector-j\8.3.0\1cc7fa5d61f4bbc113531a4ba6d85d41cf3d57e1\mysql-connector-j-8.3.0.jar;C:\Users\SUHWAN HYUN\.gradle\caches\modules-2\files-2.1\com.h2database\h2\2.2.224\7bdade27d8cd197d9b5ce9dc251f41d2edc5f7ad\h2-2.2.224.jar;C:\Users\SUHWAN HYUN\.gradle\caches\modules-2\files-2.1\org.hibernate.common\hibernate-commons-annotations\6.0.6.Final\77a5f94b56d49508e0ee334751db5b78e5ccd50c\hibernate-commons-annotations-6.0.6.Final.jar;C:\Users\SUHWAN HYUN\.gradle\caches\modules-2\files-2.1\io.smallrye\jandex\3.1.2\a6c1c89925c7df06242b03dddb353116ceb9584c\jandex-3.1.2.jar;C:\Users\SUHWAN HYUN\.gradle\caches\modules-2\files-2.1\net.bytebuddy\byte-buddy\1.14.12\6e37f743dc15a8d7a4feb3eb0025cbc612d5b9e1\byte-buddy-1.14.12.jar;C:\Users\SUHWAN HYUN\.gradle\caches\modules-2\files-2.1\org.glassfish.jaxb\jaxb-runtime\4.0.4\7180c50ef8bd127bb1dd645458b906cffcf6c2b5\jaxb-runtime-4.0.4.jar;C:\Users\SUHWAN HYUN\.gradle\caches\modules-2\files-2.1\org.glassfish.jaxb\jaxb-core\4.0.4\2d5aadd02af86f1e9d8c6f7e8501673f915d4e25\jaxb-core-4.0.4.jar;C:\Users\SUHWAN HYUN\.gradle\caches\modules-2\files-2.1\jakarta.xml.bind\jakarta.xml.bind-api\4.0.1\ca2330866cbc624c7e5ce982e121db1125d23e15\jakarta.xml.bind-api-4.0.1.jar;C:\Users\SUHWAN HYUN\.gradle\caches\modules-2\files-2.1\jakarta.inject\jakarta.inject-api\2.0.1\4c28afe1991a941d7702fe1362c365f0a8641d1e\jakarta.inject-api-2.0.1.jar;C:\Users\SUHWAN HYUN\.gradle\caches\modules-2\files-2.1\org.eclipse.angus\angus-activation\2.0.1\eaafaf4eb71b400e4136fc3a286f50e34a68ecb7\angus-activation-2.0.1.jar;C:\Users\SUHWAN HYUN\.gradle\caches\modules-2\files-2.1\jakarta.activation\jakarta.activation-api\2.1.2\640c0d5aff45dbff1e1a1bc09673ff3a02b1ba12\jakarta.activation-api-2.1.2.jar;C:\Users\SUHWAN HYUN\.gradle\caches\modules-2\files-2.1\org.glassfish.jaxb\txw2\4.0.4\cfd2bcf08782673ac370694fdf2cf76dbaa607ef\txw2-4.0.4.jar;C:\Users\SUHWAN HYUN\.gradle\caches\modules-2\files-2.1\com.sun.istack\istack-commons-runtime\4.1.2\18ec117c85f3ba0ac65409136afa8e42bc74e739\istack-commons-runtime-4.1.2.jar
Launcher Type: SUN_STANDARD

[Global flags]
     intx CICompilerCount                          = 4                                         {product} {ergonomic}
     uint ConcGCThreads                            = 2                                         {product} {ergonomic}
     uint G1ConcRefinementThreads                  = 8                                         {product} {ergonomic}
   size_t G1HeapRegionSize                         = 1048576                                   {product} {ergonomic}
    uintx GCDrainStackTargetSize                   = 64                                        {product} {ergonomic}
   size_t InitialHeapSize                          = 130023424                                 {product} {ergonomic}
   size_t MarkStackSize                            = 4194304                                   {product} {ergonomic}
   size_t MaxHeapSize                              = 2055208960                                {product} {ergonomic}
   size_t MinHeapDeltaBytes                        = 1048576                                   {product} {ergonomic}
   size_t MinHeapSize                              = 8388608                                   {product} {ergonomic}
    uintx NonNMethodCodeHeapSize                   = 5839372                                {pd product} {ergonomic}
    uintx NonProfiledCodeHeapSize                  = 122909434                              {pd product} {ergonomic}
    uintx ProfiledCodeHeapSize                     = 122909434                              {pd product} {ergonomic}
    uintx ReservedCodeCacheSize                    = 251658240                              {pd product} {ergonomic}
     bool SegmentedCodeCache                       = true                                      {product} {ergonomic}
     bool ShowCodeDetailsInExceptionMessages       = true                                   {manageable} {command line}
   size_t SoftMaxHeapSize                          = 2055208960                             {manageable} {ergonomic}
     bool UseCompressedOops                        = true                           {product lp64_product} {ergonomic}
     bool UseG1GC                                  = true                                      {product} {ergonomic}
     bool UseLargePagesIndividualAllocation        = false                                  {pd product} {ergonomic}

Logging:
Log output configuration:
 #0: stdout all=warning uptime,level,tags foldmultilines=false
 #1: stderr all=off uptime,level,tags foldmultilines=false

Environment Variables:
JAVA_HOME=C:\Program Files\Java\jdk-17.0.2
CLASSPATH=C:\Program Files\Java\jdk-17.0.2lib;.;
PATH=C:\Program Files\Common Files\Oracle\Java\javapath;C:\Program Files (x86)\VMware\VMware Player\bin\;C:\Program Files (x86)\NAT Service;C:\WINDOWS\system32;C:\WINDOWS;C:\WINDOWS\System32\Wbem;C:\WINDOWS\System32\WindowsPowerShell\v1.0\;C:\WINDOWS\System32\OpenSSH\;C:\Users\SUHWAN HYUN;"C:\WINDOWS\System32;C:\WINDOWS";C:\Program Files\Java\jdk-17.0.2\bin;C:\Program Files\Git\cmd;C:\Program Files\Docker\Docker\resources\bin;C:\Program Files\Bandizip\;C:\Program Files\7-Zip;C:\Users\SUHWAN HYUN\AppData\Local\Microsoft\WindowsApps\PythonSoftwareFoundation.Python.3.11_qbz5n2kfra8p0;C:\Users\SUHWAN HYUN\AppData\Local\Packages\PythonSoftwareFoundation.Python.3.11_qbz5n2kfra8p0\LocalCache\local-packages\Python311\Scripts;C:\Program Files\Java\jdk-22\bin;C:\Program Files\MySQL\MySQL Server 8.0\bin;C:\Windows\System32;C:\Program Files\Amazon\AWSCLIV2\;C:\Users\SUHWAN HYUN\AppData\Local\Microsoft\WindowsApps;C:\Users\SUHWAN HYUN\AppData\Local\GitHubDesktop\bin;C:\Users\SUHWAN HYUN\AppData\Local\Programs\Microsoft VS Code\bin
USERNAME=SUHWAN HYUN
LANG=en_US.UTF-8
OS=Windows_NT
PROCESSOR_IDENTIFIER=Intel64 Family 6 Model 142 Stepping 10, GenuineIntel
TMP=C:\Users\SUHWAN~1\AppData\Local\Temp
TEMP=C:\Users\SUHWAN~1\AppData\Local\Temp




Periodic native trim disabled

---------------  S Y S T E M  ---------------

OS:
 Windows 11 , 64 bit Build 22621 (10.0.22621.3374)
OS uptime: 6 days 15:56 hours

CPU: total 8 (initial active 8) (4 cores per cpu, 2 threads per core) family 6 model 142 stepping 10 microcode 0xe0, cx8, cmov, fxsr, ht, mmx, 3dnowpref, sse, sse2, sse3, ssse3, sse4.1, sse4.2, popcnt, lzcnt, tsc, tscinvbit, avx, avx2, aes, erms, clmul, bmi1, bmi2, adx, fma, vzeroupper, clflush, clflushopt, rdtscp, f16c
Processor Information for all 8 processors :
  Max Mhz: 1800, Current Mhz: 1600, Mhz Limit: 1584

Memory: 4k page, system-wide physical 7833M (476M free)
TotalPageFile size 16025M (AvailPageFile size 55M)
current process WorkingSet (physical memory assigned to process): 11M, peak: 11M
current process commit charge ("private bytes"): 60M, peak: 184M

vm_info: Java HotSpot(TM) 64-Bit Server VM (21.0.2+13-LTS-58) for windows-amd64 JRE (21.0.2+13-LTS-58), built on 2024-01-05T18:32:24Z by "mach5one" with MS VC++ 17.1 (VS2022)

END.
