#
# There is insufficient memory for the Java Runtime Environment to continue.
# Native memory allocation (malloc) failed to allocate 2097152 bytes for AllocateHeap
# Possible reasons:
#   The system is out of physical RAM or swap space
#   The process is running with CompressedOops enabled, and the Java Heap may be blocking the growth of the native heap
# Possible solutions:
#   Reduce memory load on the system
#   Increase physical memory or swap space
#   Check if swap backing store is full
#   Decrease Java heap size (-Xmx/-Xms)
#   Decrease number of Java threads
#   Decrease Java thread stack sizes (-Xss)
#   Set larger code cache with -XX:ReservedCodeCacheSize=
#   JVM is running with Unscaled Compressed Oops mode in which the Java heap is
#     placed in the first 4GB address space. The Java Heap base address is the
#     maximum limit for the native heap growth. Please use -XX:HeapBaseMinAddress
#     to set the Java Heap base and to place the Java Heap above 4GB virtual address.
# This output file may be truncated or incomplete.
#
#  Out of Memory Error (allocation.cpp:44), pid=31560, tid=30784
#
# JRE version: OpenJDK Runtime Environment Temurin-17.0.10+7 (17.0.10+7) (build 17.0.10+7)
# Java VM: OpenJDK 64-Bit Server VM Temurin-17.0.10+7 (17.0.10+7, mixed mode, emulated-client, tiered, compressed oops, compressed class ptrs, g1 gc, windows-amd64)
# No core dump will be written. Minidumps are not enabled by default on client versions of Windows
#

---------------  S U M M A R Y ------------

Command Line: -Xmx1024m -Dsts.lsp.client=vscode -Dsts.log.file=/dev/null -XX:TieredStopAtLevel=1 -Xlog:jni+resolve=off -Dspring.config.location=file:c:\Users\SUHWAN HYUN\.vscode\extensions\vmware.vscode-spring-boot-1.54.0\language-server\BOOT-INF\classes\application.properties org.springframework.ide.vscode.boot.app.BootLanguageServerBootApp

Host: Intel(R) Core(TM) i5-8250U CPU @ 1.60GHz, 8 cores, 7G,  Windows 11 , 64 bit Build 22621 (10.0.22621.3374)
Time: Sat May  4 23:42:52 2024  Windows 11 , 64 bit Build 22621 (10.0.22621.3374) elapsed time: 7054.459193 seconds (0d 1h 57m 34s)

---------------  T H R E A D  ---------------

Current thread (0x000001a9bc4978a0):  VMThread "VM Thread" [stack: 0x0000005654b00000,0x0000005654c00000] [id=30784]

Stack: [0x0000005654b00000,0x0000005654c00000]
Native frames: (J=compiled Java code, j=interpreted, Vv=VM code, C=native code)
V  [jvm.dll+0x67d2c9]
V  [jvm.dll+0x834afa]
V  [jvm.dll+0x8365be]
V  [jvm.dll+0x836c23]
V  [jvm.dll+0x2477ff]
V  [jvm.dll+0xa6c93]
V  [jvm.dll+0x2f86f1]
V  [jvm.dll+0x2f42e0]
V  [jvm.dll+0x2dc8c7]
V  [jvm.dll+0x31fb87]
V  [jvm.dll+0x83b11b]
V  [jvm.dll+0x83be61]
V  [jvm.dll+0x83c37d]
V  [jvm.dll+0x83c754]
V  [jvm.dll+0x83c820]
V  [jvm.dll+0x7e3fba]
V  [jvm.dll+0x67c1b5]
C  [ucrtbase.dll+0x29333]
C  [KERNEL32.DLL+0x1257d]
C  [ntdll.dll+0x5aa48]

VM_Operation (0x0000005655ffee30): G1CollectFull, mode: safepoint, requested by thread 0x000001a9c1d8ed40


---------------  P R O C E S S  ---------------

Threads class SMR info:
_java_thread_list=0x000001a9c2118820, length=28, elements={
0x000001a9bc4b0390, 0x000001a9bc4b1120, 0x000001a9bc4c2bc0, 0x000001a9bc4c3490,
0x000001a9bc4c3d60, 0x000001a9bc4c4630, 0x000001a9bc4c4f00, 0x000001a9bc58c3b0,
0x000001a9bc797480, 0x000001a9bc7a0250, 0x000001a9c2395020, 0x000001a9c1d8ed40,
0x000001a9c237e060, 0x000001a9af5aea70, 0x000001a9c168d700, 0x000001a9c184f850,
0x000001a9c1846090, 0x000001a9c1845670, 0x000001a9c1845b80, 0x000001a9c1843d20,
0x000001a9c18465a0, 0x000001a9c1844230, 0x000001a9c1845160, 0x000001a9c1846ab0,
0x000001a9c1846fc0, 0x000001a9c18474d0, 0x000001a9c240a300, 0x000001a9c30a9ff0
}

Java Threads: ( => current thread )
  0x000001a9bc4b0390 JavaThread "Reference Handler" daemon [_thread_blocked, id=29840, stack(0x0000005654c00000,0x0000005654d00000)]
  0x000001a9bc4b1120 JavaThread "Finalizer" daemon [_thread_blocked, id=24732, stack(0x0000005654d00000,0x0000005654e00000)]
  0x000001a9bc4c2bc0 JavaThread "Signal Dispatcher" daemon [_thread_blocked, id=26120, stack(0x0000005654e00000,0x0000005654f00000)]
  0x000001a9bc4c3490 JavaThread "Attach Listener" daemon [_thread_blocked, id=27236, stack(0x0000005654f00000,0x0000005655000000)]
  0x000001a9bc4c3d60 JavaThread "Service Thread" daemon [_thread_blocked, id=30064, stack(0x0000005655000000,0x0000005655100000)]
  0x000001a9bc4c4630 JavaThread "Monitor Deflation Thread" daemon [_thread_blocked, id=28908, stack(0x0000005655100000,0x0000005655200000)]
  0x000001a9bc4c4f00 JavaThread "C1 CompilerThread0" daemon [_thread_blocked, id=27376, stack(0x0000005655200000,0x0000005655300000)]
  0x000001a9bc58c3b0 JavaThread "Sweeper thread" daemon [_thread_blocked, id=28636, stack(0x0000005655300000,0x0000005655400000)]
  0x000001a9bc797480 JavaThread "Notification Thread" daemon [_thread_blocked, id=29364, stack(0x0000005655500000,0x0000005655600000)]
  0x000001a9bc7a0250 JavaThread "Common-Cleaner" daemon [_thread_blocked, id=16292, stack(0x0000005655700000,0x0000005655800000)]
  0x000001a9c2395020 JavaThread "boundedElastic-evictor-1" daemon [_thread_blocked, id=9176, stack(0x0000005655d00000,0x0000005655e00000)]
  0x000001a9c1d8ed40 JavaThread "pool-13-thread-1" [_thread_blocked, id=27000, stack(0x0000005655f00000,0x0000005656000000)]
  0x000001a9c237e060 JavaThread "LanguageServerApp-lifecycle" [_thread_blocked, id=31028, stack(0x0000005656300000,0x0000005656400000)]
  0x000001a9af5aea70 JavaThread "DestroyJavaVM" [_thread_blocked, id=28232, stack(0x0000005654500000,0x0000005654600000)]
  0x000001a9c168d700 JavaThread "pool-14-thread-1" [_thread_in_native, id=22552, stack(0x0000005656400000,0x0000005656500000)]
  0x000001a9c184f850 JavaThread "Simple-Language-Server main thread" daemon [_thread_blocked, id=32540, stack(0x0000005656500000,0x0000005656600000)]
  0x000001a9c1846090 JavaThread "pool-8-thread-1" [_thread_blocked, id=19940, stack(0x0000005656900000,0x0000005656a00000)]
  0x000001a9c1845670 JavaThread "parallel-1" daemon [_thread_blocked, id=26724, stack(0x0000005656a00000,0x0000005656b00000)]
  0x000001a9c1845b80 JavaThread "parallel-2" daemon [_thread_blocked, id=27820, stack(0x0000005656b00000,0x0000005656c00000)]
  0x000001a9c1843d20 JavaThread "parallel-3" daemon [_thread_blocked, id=26200, stack(0x0000005656c00000,0x0000005656d00000)]
  0x000001a9c18465a0 JavaThread "parallel-4" daemon [_thread_blocked, id=30924, stack(0x0000005656d00000,0x0000005656e00000)]
  0x000001a9c1844230 JavaThread "parallel-5" daemon [_thread_blocked, id=19360, stack(0x0000005656e00000,0x0000005656f00000)]
  0x000001a9c1845160 JavaThread "pool-6-thread-1" [_thread_blocked, id=19272, stack(0x0000005656f00000,0x0000005657000000)]
  0x000001a9c1846ab0 JavaThread "parallel-6" daemon [_thread_blocked, id=18468, stack(0x0000005657000000,0x0000005657100000)]
  0x000001a9c1846fc0 JavaThread "parallel-7" daemon [_thread_blocked, id=18756, stack(0x0000005657100000,0x0000005657200000)]
  0x000001a9c18474d0 JavaThread "parallel-8" daemon [_thread_blocked, id=20920, stack(0x0000005657200000,0x0000005657300000)]
  0x000001a9c240a300 JavaThread "Reconciler-1" daemon [_thread_blocked, id=25224, stack(0x0000005657800000,0x0000005657900000)]
  0x000001a9c30a9ff0 JavaThread "CompletableFutureDelayScheduler" daemon [_thread_blocked, id=28668, stack(0x0000005658300000,0x0000005658400000)]

Other Threads:
=>0x000001a9bc4978a0 VMThread "VM Thread" [stack: 0x0000005654b00000,0x0000005654c00000] [id=30784]
  0x000001a9bc79b980 WatcherThread [stack: 0x0000005655600000,0x0000005655700000] [id=23540]
  0x000001a9b16e4aa0 GCTaskThread "GC Thread#0" [stack: 0x0000005654600000,0x0000005654700000] [id=31888]
  0x000001a9bc69eb10 GCTaskThread "GC Thread#1" [stack: 0x0000005655800000,0x0000005655900000] [id=24492]
  0x000001a9c12b97f0 GCTaskThread "GC Thread#2" [stack: 0x0000005655900000,0x0000005655a00000] [id=3816]
  0x000001a9bc6f6a50 GCTaskThread "GC Thread#3" [stack: 0x0000005655a00000,0x0000005655b00000] [id=14464]
  0x000001a9c10d8db0 GCTaskThread "GC Thread#4" [stack: 0x0000005655b00000,0x0000005655c00000] [id=8952]
  0x000001a9bc6d6650 GCTaskThread "GC Thread#5" [stack: 0x0000005655c00000,0x0000005655d00000] [id=19000]
  0x000001a9c1cc5020 GCTaskThread "GC Thread#6" [stack: 0x0000005656000000,0x0000005656100000] [id=17884]
  0x000001a9c1cc52e0 GCTaskThread "GC Thread#7" [stack: 0x0000005656100000,0x0000005656200000] [id=22944]
  0x000001a9b16ee920 ConcurrentGCThread "G1 Main Marker" [stack: 0x0000005654700000,0x0000005654800000] [id=18416]
  0x000001a9b16ef250 ConcurrentGCThread "G1 Conc#0" [stack: 0x0000005654800000,0x0000005654900000] [id=31592]
  0x000001a9c1bf9420 ConcurrentGCThread "G1 Conc#1" [stack: 0x0000005656200000,0x0000005656300000] [id=31932]
  0x000001a9b173e260 ConcurrentGCThread "G1 Refine#0" [stack: 0x0000005654900000,0x0000005654a00000] [id=32228]
  0x000001a9b173eba0 ConcurrentGCThread "G1 Service" [stack: 0x0000005654a00000,0x0000005654b00000] [id=18528]

Threads with active compile tasks:

VM state: at safepoint (normal execution)

VM Mutex/Monitor currently owned by a thread:  ([mutex/lock_event])
[0x000001a9af4fad40] Threads_lock - owner thread: 0x000001a9bc4978a0
[0x000001a9b16a6b20] Heap_lock - owner thread: 0x000001a9c1d8ed40

Heap address: 0x00000000c0000000, size: 1024 MB, Compressed Oops mode: 32-bit

CDS archive(s) not mapped
Compressed class space mapped at: 0x0000000100000000-0x0000000140000000, reserved size: 1073741824
Narrow klass base: 0x0000000000000000, Narrow klass shift: 3, Narrow klass range: 0x140000000

GC Precious Log:
 CPUs: 8 total, 8 available
 Memory: 7833M
 Large Page Support: Disabled
 NUMA Support: Disabled
 Compressed Oops: Enabled (32-bit)
 Heap Region Size: 1M
 Heap Min Capacity: 8M
 Heap Initial Capacity: 124M
 Heap Max Capacity: 1G
 Pre-touch: Disabled
 Parallel Workers: 8
 Concurrent Workers: 2
 Concurrent Refinement Workers: 8
 Periodic GC: Disabled

Heap:
 garbage-first heap   total 116736K, used 40953K [0x00000000c0000000, 0x0000000100000000)
  region size 1024K, 1 young (1024K), 0 survivors (0K)
 Metaspace       used 62246K, committed 62784K, reserved 1114112K
  class space    used 7932K, committed 8192K, reserved 1048576K

Heap Regions: E=young(eden), S=young(survivor), O=old, HS=humongous(starts), HC=humongous(continues), CS=collection set, F=free, OA=open archive, CA=closed archive, TAMS=top-at-mark-start (previous, next)
|   0|0x00000000c0000000, 0x00000000c0100000, 0x00000000c0100000|100%|HS|  |TAMS 0x00000000c0100000, 0x00000000c0000000| Untracked 
|   1|0x00000000c0100000, 0x00000000c0200000, 0x00000000c0200000|100%|HC|  |TAMS 0x00000000c0200000, 0x00000000c0100000| Untracked 
|   2|0x00000000c0200000, 0x00000000c0300000, 0x00000000c0300000|100%|HC|  |TAMS 0x00000000c0300000, 0x00000000c0200000| Untracked 
|   3|0x00000000c0300000, 0x00000000c0400000, 0x00000000c0400000|100%|HC|  |TAMS 0x00000000c0400000, 0x00000000c0300000| Untracked 
|   4|0x00000000c0400000, 0x00000000c0500000, 0x00000000c0500000|100%|HS|  |TAMS 0x00000000c0500000, 0x00000000c0400000| Untracked 
|   5|0x00000000c0500000, 0x00000000c0600000, 0x00000000c0600000|100%|HC|  |TAMS 0x00000000c0600000, 0x00000000c0500000| Untracked 
|   6|0x00000000c0600000, 0x00000000c0700000, 0x00000000c0700000|100%| O|  |TAMS 0x00000000c0700000, 0x00000000c0600000| Untracked 
|   7|0x00000000c0700000, 0x00000000c07ffb28, 0x00000000c0800000| 99%| O|  |TAMS 0x00000000c07ffb28, 0x00000000c0700000| Untracked 
|   8|0x00000000c0800000, 0x00000000c08fa658, 0x00000000c0900000| 97%| O|  |TAMS 0x00000000c08fa658, 0x00000000c0800000| Untracked 
|   9|0x00000000c0900000, 0x00000000c09f9688, 0x00000000c0a00000| 97%| O|  |TAMS 0x00000000c09f9688, 0x00000000c0900000| Untracked 
|  10|0x00000000c0a00000, 0x00000000c0affff8, 0x00000000c0b00000| 99%| O|  |TAMS 0x00000000c0affff8, 0x00000000c0a00000| Untracked 
|  11|0x00000000c0b00000, 0x00000000c0c00000, 0x00000000c0c00000|100%| O|  |TAMS 0x00000000c0c00000, 0x00000000c0b00000| Untracked 
|  12|0x00000000c0c00000, 0x00000000c0d00000, 0x00000000c0d00000|100%| O|  |TAMS 0x00000000c0d00000, 0x00000000c0c00000| Untracked 
|  13|0x00000000c0d00000, 0x00000000c0e00000, 0x00000000c0e00000|100%| O|  |TAMS 0x00000000c0e00000, 0x00000000c0d00000| Untracked 
|  14|0x00000000c0e00000, 0x00000000c0efff48, 0x00000000c0f00000| 99%| O|  |TAMS 0x00000000c0efff48, 0x00000000c0e00000| Untracked 
|  15|0x00000000c0f00000, 0x00000000c0ffffc0, 0x00000000c1000000| 99%| O|  |TAMS 0x00000000c0ffffc0, 0x00000000c0f00000| Untracked 
|  16|0x00000000c1000000, 0x00000000c10fd520, 0x00000000c1100000| 98%| O|  |TAMS 0x00000000c10fd520, 0x00000000c1000000| Untracked 
|  17|0x00000000c1100000, 0x00000000c11ffff8, 0x00000000c1200000| 99%| O|  |TAMS 0x00000000c11ffff8, 0x00000000c1100000| Untracked 
|  18|0x00000000c1200000, 0x00000000c12ffff0, 0x00000000c1300000| 99%| O|  |TAMS 0x00000000c12ffff0, 0x00000000c1200000| Untracked 
|  19|0x00000000c1300000, 0x00000000c1400000, 0x00000000c1400000|100%| O|  |TAMS 0x00000000c1400000, 0x00000000c1300000| Untracked 
|  20|0x00000000c1400000, 0x00000000c14fffe8, 0x00000000c1500000| 99%| O|  |TAMS 0x00000000c14fffe8, 0x00000000c1400000| Untracked 
|  21|0x00000000c1500000, 0x00000000c15fffe8, 0x00000000c1600000| 99%| O|  |TAMS 0x00000000c15fffe8, 0x00000000c1500000| Untracked 
|  22|0x00000000c1600000, 0x00000000c16ffff8, 0x00000000c1700000| 99%| O|  |TAMS 0x00000000c16ffff8, 0x00000000c1600000| Untracked 
|  23|0x00000000c1700000, 0x00000000c1800000, 0x00000000c1800000|100%| O|  |TAMS 0x00000000c1800000, 0x00000000c1700000| Untracked 
|  24|0x00000000c1800000, 0x00000000c18ffff8, 0x00000000c1900000| 99%| O|  |TAMS 0x00000000c18ffff8, 0x00000000c1800000| Untracked 
|  25|0x00000000c1900000, 0x00000000c19ffff8, 0x00000000c1a00000| 99%| O|  |TAMS 0x00000000c19ffff8, 0x00000000c1900000| Untracked 
|  26|0x00000000c1a00000, 0x00000000c1affff0, 0x00000000c1b00000| 99%| O|  |TAMS 0x00000000c1affff0, 0x00000000c1a00000| Untracked 
|  27|0x00000000c1b00000, 0x00000000c1bfff78, 0x00000000c1c00000| 99%| O|  |TAMS 0x00000000c1bfff78, 0x00000000c1b00000| Untracked 
|  28|0x00000000c1c00000, 0x00000000c1cfb888, 0x00000000c1d00000| 98%| O|  |TAMS 0x00000000c1cfb888, 0x00000000c1c00000| Untracked 
|  29|0x00000000c1d00000, 0x00000000c1dffff0, 0x00000000c1e00000| 99%| O|  |TAMS 0x00000000c1dffff0, 0x00000000c1d00000| Untracked 
|  30|0x00000000c1e00000, 0x00000000c1f00000, 0x00000000c1f00000|100%|HS|  |TAMS 0x00000000c1f00000, 0x00000000c1e00000| Untracked 
|  31|0x00000000c1f00000, 0x00000000c1ffad28, 0x00000000c2000000| 97%| O|  |TAMS 0x00000000c1ffad28, 0x00000000c1f00000| Untracked 
|  32|0x00000000c2000000, 0x00000000c20fffb8, 0x00000000c2100000| 99%| O|  |TAMS 0x00000000c20fffb8, 0x00000000c2000000| Untracked 
|  33|0x00000000c2100000, 0x00000000c21ffff8, 0x00000000c2200000| 99%| O|  |TAMS 0x00000000c21ffff8, 0x00000000c2100000| Untracked 
|  34|0x00000000c2200000, 0x00000000c22ffff0, 0x00000000c2300000| 99%| O|  |TAMS 0x00000000c22ffff0, 0x00000000c2200000| Untracked 
|  35|0x00000000c2300000, 0x00000000c23ffff8, 0x00000000c2400000| 99%| O|  |TAMS 0x00000000c23ffff8, 0x00000000c2300000| Untracked 
|  36|0x00000000c2400000, 0x00000000c24fffb0, 0x00000000c2500000| 99%| O|  |TAMS 0x00000000c24fffb0, 0x00000000c2400000| Untracked 
|  37|0x00000000c2500000, 0x00000000c25fffe8, 0x00000000c2600000| 99%| O|  |TAMS 0x00000000c25fffe8, 0x00000000c2500000| Untracked 
|  38|0x00000000c2600000, 0x00000000c26ff0f8, 0x00000000c2700000| 99%| O|  |TAMS 0x00000000c26ff0f8, 0x00000000c2600000| Untracked 
|  39|0x00000000c2700000, 0x00000000c27fc2d0, 0x00000000c2800000| 98%| O|  |TAMS 0x00000000c27fc2d0, 0x00000000c2700000| Untracked 
|  40|0x00000000c2800000, 0x00000000c281c198, 0x00000000c2900000| 10%| O|  |TAMS 0x00000000c2800000, 0x00000000c2800000| Untracked 
|  41|0x00000000c2900000, 0x00000000c2900000, 0x00000000c2a00000|  0%| F|  |TAMS 0x00000000c2900000, 0x00000000c2900000| Untracked 
|  42|0x00000000c2a00000, 0x00000000c2a00000, 0x00000000c2b00000|  0%| F|  |TAMS 0x00000000c2a00000, 0x00000000c2a00000| Untracked 
|  43|0x00000000c2b00000, 0x00000000c2b00000, 0x00000000c2c00000|  0%| F|  |TAMS 0x00000000c2b00000, 0x00000000c2b00000| Untracked 
|  44|0x00000000c2c00000, 0x00000000c2c00000, 0x00000000c2d00000|  0%| F|  |TAMS 0x00000000c2c00000, 0x00000000c2c00000| Untracked 
|  45|0x00000000c2d00000, 0x00000000c2d00000, 0x00000000c2e00000|  0%| F|  |TAMS 0x00000000c2d00000, 0x00000000c2d00000| Untracked 
|  46|0x00000000c2e00000, 0x00000000c2e00000, 0x00000000c2f00000|  0%| F|  |TAMS 0x00000000c2e00000, 0x00000000c2e00000| Untracked 
|  47|0x00000000c2f00000, 0x00000000c2f00000, 0x00000000c3000000|  0%| F|  |TAMS 0x00000000c2f00000, 0x00000000c2f00000| Untracked 
|  48|0x00000000c3000000, 0x00000000c3000000, 0x00000000c3100000|  0%| F|  |TAMS 0x00000000c3000000, 0x00000000c3000000| Untracked 
|  49|0x00000000c3100000, 0x00000000c3100000, 0x00000000c3200000|  0%| F|  |TAMS 0x00000000c3100000, 0x00000000c3100000| Untracked 
|  50|0x00000000c3200000, 0x00000000c3200000, 0x00000000c3300000|  0%| F|  |TAMS 0x00000000c3200000, 0x00000000c3200000| Untracked 
|  51|0x00000000c3300000, 0x00000000c3300000, 0x00000000c3400000|  0%| F|  |TAMS 0x00000000c3300000, 0x00000000c3300000| Untracked 
|  52|0x00000000c3400000, 0x00000000c3400000, 0x00000000c3500000|  0%| F|  |TAMS 0x00000000c3400000, 0x00000000c3400000| Untracked 
|  53|0x00000000c3500000, 0x00000000c3500000, 0x00000000c3600000|  0%| F|  |TAMS 0x00000000c3500000, 0x00000000c3500000| Untracked 
|  54|0x00000000c3600000, 0x00000000c3600000, 0x00000000c3700000|  0%| F|  |TAMS 0x00000000c3600000, 0x00000000c3600000| Untracked 
|  55|0x00000000c3700000, 0x00000000c3700000, 0x00000000c3800000|  0%| F|  |TAMS 0x00000000c3700000, 0x00000000c3700000| Untracked 
|  56|0x00000000c3800000, 0x00000000c3800000, 0x00000000c3900000|  0%| F|  |TAMS 0x00000000c3800000, 0x00000000c3800000| Untracked 
|  57|0x00000000c3900000, 0x00000000c3900000, 0x00000000c3a00000|  0%| F|  |TAMS 0x00000000c3900000, 0x00000000c3900000| Untracked 
|  58|0x00000000c3a00000, 0x00000000c3a00000, 0x00000000c3b00000|  0%| F|  |TAMS 0x00000000c3a00000, 0x00000000c3a00000| Untracked 
|  59|0x00000000c3b00000, 0x00000000c3b00000, 0x00000000c3c00000|  0%| F|  |TAMS 0x00000000c3b00000, 0x00000000c3b00000| Untracked 
|  60|0x00000000c3c00000, 0x00000000c3c00000, 0x00000000c3d00000|  0%| F|  |TAMS 0x00000000c3c00000, 0x00000000c3c00000| Untracked 
|  61|0x00000000c3d00000, 0x00000000c3d00000, 0x00000000c3e00000|  0%| F|  |TAMS 0x00000000c3d00000, 0x00000000c3d00000| Untracked 
|  62|0x00000000c3e00000, 0x00000000c3e00000, 0x00000000c3f00000|  0%| F|  |TAMS 0x00000000c3e00000, 0x00000000c3e00000| Untracked 
|  63|0x00000000c3f00000, 0x00000000c3f00000, 0x00000000c4000000|  0%| F|  |TAMS 0x00000000c3f00000, 0x00000000c3f00000| Untracked 
|  64|0x00000000c4000000, 0x00000000c4000000, 0x00000000c4100000|  0%| F|  |TAMS 0x00000000c4000000, 0x00000000c4000000| Untracked 
|  65|0x00000000c4100000, 0x00000000c4100000, 0x00000000c4200000|  0%| F|  |TAMS 0x00000000c4100000, 0x00000000c4100000| Untracked 
|  66|0x00000000c4200000, 0x00000000c4200000, 0x00000000c4300000|  0%| F|  |TAMS 0x00000000c4200000, 0x00000000c4200000| Untracked 
|  67|0x00000000c4300000, 0x00000000c4300000, 0x00000000c4400000|  0%| F|  |TAMS 0x00000000c4300000, 0x00000000c4300000| Untracked 
|  68|0x00000000c4400000, 0x00000000c4400000, 0x00000000c4500000|  0%| F|  |TAMS 0x00000000c4400000, 0x00000000c4400000| Untracked 
|  69|0x00000000c4500000, 0x00000000c4500000, 0x00000000c4600000|  0%| F|  |TAMS 0x00000000c4500000, 0x00000000c4500000| Untracked 
|  70|0x00000000c4600000, 0x00000000c4600000, 0x00000000c4700000|  0%| F|  |TAMS 0x00000000c4600000, 0x00000000c4600000| Untracked 
|  71|0x00000000c4700000, 0x00000000c4700000, 0x00000000c4800000|  0%| F|  |TAMS 0x00000000c4700000, 0x00000000c4700000| Untracked 
|  72|0x00000000c4800000, 0x00000000c4800000, 0x00000000c4900000|  0%| F|  |TAMS 0x00000000c4800000, 0x00000000c4800000| Untracked 
|  73|0x00000000c4900000, 0x00000000c4900000, 0x00000000c4a00000|  0%| F|  |TAMS 0x00000000c4900000, 0x00000000c4900000| Untracked 
|  74|0x00000000c4a00000, 0x00000000c4a00000, 0x00000000c4b00000|  0%| F|  |TAMS 0x00000000c4a00000, 0x00000000c4a00000| Untracked 
|  75|0x00000000c4b00000, 0x00000000c4b00000, 0x00000000c4c00000|  0%| F|  |TAMS 0x00000000c4b00000, 0x00000000c4b00000| Untracked 
|  76|0x00000000c4c00000, 0x00000000c4c00000, 0x00000000c4d00000|  0%| F|  |TAMS 0x00000000c4c00000, 0x00000000c4c00000| Untracked 
|  77|0x00000000c4d00000, 0x00000000c4d00000, 0x00000000c4e00000|  0%| F|  |TAMS 0x00000000c4d00000, 0x00000000c4d00000| Untracked 
|  78|0x00000000c4e00000, 0x00000000c4e00000, 0x00000000c4f00000|  0%| F|  |TAMS 0x00000000c4e00000, 0x00000000c4e00000| Untracked 
|  79|0x00000000c4f00000, 0x00000000c4f00000, 0x00000000c5000000|  0%| F|  |TAMS 0x00000000c4f00000, 0x00000000c4f00000| Untracked 
|  80|0x00000000c5000000, 0x00000000c5000000, 0x00000000c5100000|  0%| F|  |TAMS 0x00000000c5000000, 0x00000000c5000000| Untracked 
|  81|0x00000000c5100000, 0x00000000c5100000, 0x00000000c5200000|  0%| F|  |TAMS 0x00000000c5100000, 0x00000000c5100000| Untracked 
|  82|0x00000000c5200000, 0x00000000c5200000, 0x00000000c5300000|  0%| F|  |TAMS 0x00000000c5200000, 0x00000000c5200000| Untracked 
|  83|0x00000000c5300000, 0x00000000c5300000, 0x00000000c5400000|  0%| F|  |TAMS 0x00000000c5300000, 0x00000000c5300000| Untracked 
|  84|0x00000000c5400000, 0x00000000c5400000, 0x00000000c5500000|  0%| F|  |TAMS 0x00000000c5400000, 0x00000000c5400000| Untracked 
|  85|0x00000000c5500000, 0x00000000c5500000, 0x00000000c5600000|  0%| F|  |TAMS 0x00000000c5500000, 0x00000000c5500000| Untracked 
|  86|0x00000000c5600000, 0x00000000c5600000, 0x00000000c5700000|  0%| F|  |TAMS 0x00000000c5600000, 0x00000000c5600000| Untracked 
|  87|0x00000000c5700000, 0x00000000c5700000, 0x00000000c5800000|  0%| F|  |TAMS 0x00000000c5700000, 0x00000000c5700000| Untracked 
|  88|0x00000000c5800000, 0x00000000c5800000, 0x00000000c5900000|  0%| F|  |TAMS 0x00000000c5800000, 0x00000000c5800000| Untracked 
|  89|0x00000000c5900000, 0x00000000c5900000, 0x00000000c5a00000|  0%| F|  |TAMS 0x00000000c5900000, 0x00000000c5900000| Untracked 
|  90|0x00000000c5a00000, 0x00000000c5a00000, 0x00000000c5b00000|  0%| F|  |TAMS 0x00000000c5a00000, 0x00000000c5a00000| Untracked 
|  91|0x00000000c5b00000, 0x00000000c5b00000, 0x00000000c5c00000|  0%| F|  |TAMS 0x00000000c5b00000, 0x00000000c5b00000| Untracked 
|  92|0x00000000c5c00000, 0x00000000c5c00000, 0x00000000c5d00000|  0%| F|  |TAMS 0x00000000c5c00000, 0x00000000c5c00000| Untracked 
|  93|0x00000000c5d00000, 0x00000000c5d00000, 0x00000000c5e00000|  0%| F|  |TAMS 0x00000000c5d00000, 0x00000000c5d00000| Untracked 
|  94|0x00000000c5e00000, 0x00000000c5e00000, 0x00000000c5f00000|  0%| F|  |TAMS 0x00000000c5e00000, 0x00000000c5e00000| Untracked 
|  95|0x00000000c5f00000, 0x00000000c5f00000, 0x00000000c6000000|  0%| F|  |TAMS 0x00000000c5f00000, 0x00000000c5f00000| Untracked 
|  96|0x00000000c6000000, 0x00000000c6000000, 0x00000000c6100000|  0%| F|  |TAMS 0x00000000c6000000, 0x00000000c6000000| Untracked 
|  97|0x00000000c6100000, 0x00000000c6100000, 0x00000000c6200000|  0%| F|  |TAMS 0x00000000c6100000, 0x00000000c6100000| Untracked 
|  98|0x00000000c6200000, 0x00000000c6200000, 0x00000000c6300000|  0%| F|  |TAMS 0x00000000c6200000, 0x00000000c6200000| Untracked 
|  99|0x00000000c6300000, 0x00000000c6300000, 0x00000000c6400000|  0%| F|  |TAMS 0x00000000c6300000, 0x00000000c6300000| Untracked 
| 100|0x00000000c6400000, 0x00000000c6400000, 0x00000000c6500000|  0%| F|  |TAMS 0x00000000c6400000, 0x00000000c6400000| Untracked 
| 101|0x00000000c6500000, 0x00000000c6500000, 0x00000000c6600000|  0%| F|  |TAMS 0x00000000c6500000, 0x00000000c6500000| Untracked 
| 102|0x00000000c6600000, 0x00000000c6600000, 0x00000000c6700000|  0%| F|  |TAMS 0x00000000c6600000, 0x00000000c6600000| Untracked 
| 103|0x00000000c6700000, 0x00000000c6700000, 0x00000000c6800000|  0%| F|  |TAMS 0x00000000c6700000, 0x00000000c6700000| Untracked 
| 104|0x00000000c6800000, 0x00000000c6800000, 0x00000000c6900000|  0%| F|  |TAMS 0x00000000c6800000, 0x00000000c6800000| Untracked 
| 105|0x00000000c6900000, 0x00000000c6900000, 0x00000000c6a00000|  0%| F|  |TAMS 0x00000000c6900000, 0x00000000c6900000| Untracked 
| 106|0x00000000c6a00000, 0x00000000c6a00000, 0x00000000c6b00000|  0%| F|  |TAMS 0x00000000c6a00000, 0x00000000c6a00000| Untracked 
| 107|0x00000000c6b00000, 0x00000000c6b00000, 0x00000000c6c00000|  0%| F|  |TAMS 0x00000000c6b00000, 0x00000000c6b00000| Untracked 
| 108|0x00000000c6c00000, 0x00000000c6c00000, 0x00000000c6d00000|  0%| F|  |TAMS 0x00000000c6c00000, 0x00000000c6c00000| Untracked 
| 109|0x00000000c6d00000, 0x00000000c6d00000, 0x00000000c6e00000|  0%| F|  |TAMS 0x00000000c6d00000, 0x00000000c6d00000| Untracked 
| 110|0x00000000c6e00000, 0x00000000c6e00000, 0x00000000c6f00000|  0%| F|  |TAMS 0x00000000c6e00000, 0x00000000c6e00000| Untracked 
| 111|0x00000000c6f00000, 0x00000000c6f00000, 0x00000000c7000000|  0%| F|  |TAMS 0x00000000c6f00000, 0x00000000c6f00000| Untracked 
| 112|0x00000000c7000000, 0x00000000c7000000, 0x00000000c7100000|  0%| F|  |TAMS 0x00000000c7000000, 0x00000000c7000000| Untracked 
| 113|0x00000000c7100000, 0x00000000c71058a8, 0x00000000c7200000|  2%| E|  |TAMS 0x00000000c7100000, 0x00000000c7100000| Complete 

Card table byte_map: [0x000001a9b7630000,0x000001a9b7830000] _byte_map_base: 0x000001a9b7030000

Marking Bits (Prev, Next): (CMBitMap*) 0x000001a9b16e5ff0, (CMBitMap*) 0x000001a9b16e6030
 Prev Bits: [0x000001a9b7a30000, 0x000001a9b8a30000)
 Next Bits: [0x000001a9b8a30000, 0x000001a9b9a30000)

Polling page: 0x000001a9af490000

Metaspace:

Usage:
  Non-class:     53.04 MB used.
      Class:      7.75 MB used.
       Both:     60.79 MB used.

Virtual space:
  Non-class space:       64.00 MB reserved,      53.31 MB ( 83%) committed,  1 nodes.
      Class space:        1.00 GB reserved,       8.00 MB ( <1%) committed,  1 nodes.
             Both:        1.06 GB reserved,      61.31 MB (  6%) committed. 

Chunk freelists:
   Non-Class:  10.50 MB
       Class:  8.00 MB
        Both:  18.50 MB

MaxMetaspaceSize: unlimited
CompressedClassSpaceSize: 1.00 GB
Initial GC threshold: 21.00 MB
Current GC threshold: 102.12 MB
CDS: off
MetaspaceReclaimPolicy: balanced
 - commit_granule_bytes: 65536.
 - commit_granule_words: 8192.
 - virtual_space_node_default_size: 8388608.
 - enlarge_chunks_in_place: 1.
 - new_chunks_are_fully_committed: 0.
 - uncommit_free_chunks: 1.
 - use_allocation_guard: 0.
 - handle_deallocations: 1.


Internal statistics:

num_allocs_failed_limit: 13.
num_arena_births: 954.
num_arena_deaths: 410.
num_vsnodes_births: 2.
num_vsnodes_deaths: 0.
num_space_committed: 981.
num_space_uncommitted: 0.
num_chunks_returned_to_freelist: 514.
num_chunks_taken_from_freelist: 3150.
num_chunk_merges: 163.
num_chunk_splits: 2020.
num_chunks_enlarged: 1444.
num_inconsistent_stats: 0.

CodeCache: size=49152Kb used=22571Kb max_used=23236Kb free=26580Kb
 bounds [0x000001a9b4320000, 0x000001a9b59f0000, 0x000001a9b7320000]
 total_blobs=12128 nmethods=11446 adapters=606
 compilation: enabled
              stopped_count=0, restarted_count=0
 full_count=0

Compilation events (20 events):
Event: 7043.902 Thread 0x000001a9bc4c4f00 11435       1       java.lang.invoke.LambdaForm$DMH/0x00000001003a4c00::newInvokeSpecial (23 bytes)
Event: 7043.902 Thread 0x000001a9bc4c4f00 nmethod 11435 0x000001a9b5986e10 code [0x000001a9b5986fc0, 0x000001a9b5987148]
Event: 7043.902 Thread 0x000001a9bc4c4f00 11436       1       java.lang.ProcessImpl$$Lambda$1207/0x00000001006e4ec0::<init> (10 bytes)
Event: 7043.902 Thread 0x000001a9bc4c4f00 nmethod 11436 0x000001a9b5986b10 code [0x000001a9b5986ca0, 0x000001a9b5986d78]
Event: 7043.902 Thread 0x000001a9bc4c4f00 11438       1       java.lang.ProcessHandleImpl::getInternal (13 bytes)
Event: 7043.903 Thread 0x000001a9bc4c4f00 nmethod 11438 0x000001a9b5986790 code [0x000001a9b5986920, 0x000001a9b5986a88]
Event: 7043.903 Thread 0x000001a9bc4c4f00 11439       1       java.lang.ProcessImpl$2::<init> (20 bytes)
Event: 7043.903 Thread 0x000001a9bc4c4f00 nmethod 11439 0x000001a9b5986410 code [0x000001a9b59865a0, 0x000001a9b5986718]
Event: 7043.903 Thread 0x000001a9bc4c4f00 11440       1       java.lang.ProcessImpl$2::run (5 bytes)
Event: 7043.904 Thread 0x000001a9bc4c4f00 nmethod 11440 0x000001a9b5986110 code [0x000001a9b59862a0, 0x000001a9b5986388]
Event: 7043.904 Thread 0x000001a9bc4c4f00 11441       1       java.lang.ProcessImpl$2::run (242 bytes)
Event: 7043.905 Thread 0x000001a9bc4c4f00 nmethod 11441 0x000001a9b5984a90 code [0x000001a9b5984d40, 0x000001a9b5985ad8]
Event: 7043.905 Thread 0x000001a9bc4c4f00 11442       1       java.io.BufferedOutputStream::<init> (9 bytes)
Event: 7043.906 Thread 0x000001a9bc4c4f00 nmethod 11442 0x000001a9b5984510 code [0x000001a9b59846a0, 0x000001a9b5984978]
Event: 7044.192 Thread 0x000001a9bc4c4f00 11443   !   1       java.io.FilterOutputStream::close (183 bytes)
Event: 7044.255 Thread 0x000001a9bc4c4f00 nmethod 11443 0x000001a9b5983390 code [0x000001a9b59835a0, 0x000001a9b5983a78]
Event: 7044.255 Thread 0x000001a9bc4c4f00 11445       1       java.lang.ProcessImpl$$Lambda$1207/0x00000001006e4ec0::run (8 bytes)
Event: 7044.255 Thread 0x000001a9bc4c4f00 nmethod 11445 0x000001a9b5983090 code [0x000001a9b5983220, 0x000001a9b5983308]
Event: 7044.255 Thread 0x000001a9bc4c4f00 11446       1       java.lang.ProcessImpl::lambda$new$0 (6 bytes)
Event: 7044.255 Thread 0x000001a9bc4c4f00 nmethod 11446 0x000001a9b5982d90 code [0x000001a9b5982f20, 0x000001a9b5982fe8]

GC Heap History (20 events):
Event: 6951.321 GC heap before
{Heap before GC invocations=343 (full 246):
 garbage-first heap   total 116736K, used 41050K [0x00000000c0000000, 0x0000000100000000)
  region size 1024K, 1 young (1024K), 0 survivors (0K)
 Metaspace       used 62246K, committed 62784K, reserved 1114112K
  class space    used 7932K, committed 8192K, reserved 1048576K
}
Event: 6951.382 GC heap after
{Heap after GC invocations=344 (full 247):
 garbage-first heap   total 116736K, used 41050K [0x00000000c0000000, 0x0000000100000000)
  region size 1024K, 0 young (0K), 0 survivors (0K)
 Metaspace       used 62246K, committed 62784K, reserved 1114112K
  class space    used 7932K, committed 8192K, reserved 1048576K
}
Event: 6961.663 GC heap before
{Heap before GC invocations=344 (full 247):
 garbage-first heap   total 116736K, used 41050K [0x00000000c0000000, 0x0000000100000000)
  region size 1024K, 1 young (1024K), 0 survivors (0K)
 Metaspace       used 62246K, committed 62784K, reserved 1114112K
  class space    used 7932K, committed 8192K, reserved 1048576K
}
Event: 6961.720 GC heap after
{Heap after GC invocations=345 (full 248):
 garbage-first heap   total 116736K, used 40953K [0x00000000c0000000, 0x0000000100000000)
  region size 1024K, 0 young (0K), 0 survivors (0K)
 Metaspace       used 62246K, committed 62784K, reserved 1114112K
  class space    used 7932K, committed 8192K, reserved 1048576K
}
Event: 6971.933 GC heap before
{Heap before GC invocations=345 (full 248):
 garbage-first heap   total 116736K, used 40953K [0x00000000c0000000, 0x0000000100000000)
  region size 1024K, 1 young (1024K), 0 survivors (0K)
 Metaspace       used 62246K, committed 62784K, reserved 1114112K
  class space    used 7932K, committed 8192K, reserved 1048576K
}
Event: 6971.991 GC heap after
{Heap after GC invocations=346 (full 249):
 garbage-first heap   total 116736K, used 40953K [0x00000000c0000000, 0x0000000100000000)
  region size 1024K, 0 young (0K), 0 survivors (0K)
 Metaspace       used 62246K, committed 62784K, reserved 1114112K
  class space    used 7932K, committed 8192K, reserved 1048576K
}
Event: 6982.203 GC heap before
{Heap before GC invocations=346 (full 249):
 garbage-first heap   total 116736K, used 40953K [0x00000000c0000000, 0x0000000100000000)
  region size 1024K, 1 young (1024K), 0 survivors (0K)
 Metaspace       used 62246K, committed 62784K, reserved 1114112K
  class space    used 7932K, committed 8192K, reserved 1048576K
}
Event: 6982.255 GC heap after
{Heap after GC invocations=347 (full 250):
 garbage-first heap   total 116736K, used 40953K [0x00000000c0000000, 0x0000000100000000)
  region size 1024K, 0 young (0K), 0 survivors (0K)
 Metaspace       used 62246K, committed 62784K, reserved 1114112K
  class space    used 7932K, committed 8192K, reserved 1048576K
}
Event: 6992.598 GC heap before
{Heap before GC invocations=347 (full 250):
 garbage-first heap   total 116736K, used 40953K [0x00000000c0000000, 0x0000000100000000)
  region size 1024K, 1 young (1024K), 0 survivors (0K)
 Metaspace       used 62246K, committed 62784K, reserved 1114112K
  class space    used 7932K, committed 8192K, reserved 1048576K
}
Event: 6992.676 GC heap after
{Heap after GC invocations=348 (full 251):
 garbage-first heap   total 116736K, used 40953K [0x00000000c0000000, 0x0000000100000000)
  region size 1024K, 0 young (0K), 0 survivors (0K)
 Metaspace       used 62246K, committed 62784K, reserved 1114112K
  class space    used 7932K, committed 8192K, reserved 1048576K
}
Event: 7002.926 GC heap before
{Heap before GC invocations=348 (full 251):
 garbage-first heap   total 116736K, used 40953K [0x00000000c0000000, 0x0000000100000000)
  region size 1024K, 1 young (1024K), 0 survivors (0K)
 Metaspace       used 62246K, committed 62784K, reserved 1114112K
  class space    used 7932K, committed 8192K, reserved 1048576K
}
Event: 7002.996 GC heap after
{Heap after GC invocations=349 (full 252):
 garbage-first heap   total 116736K, used 40953K [0x00000000c0000000, 0x0000000100000000)
  region size 1024K, 0 young (0K), 0 survivors (0K)
 Metaspace       used 62246K, committed 62784K, reserved 1114112K
  class space    used 7932K, committed 8192K, reserved 1048576K
}
Event: 7013.258 GC heap before
{Heap before GC invocations=349 (full 252):
 garbage-first heap   total 116736K, used 40953K [0x00000000c0000000, 0x0000000100000000)
  region size 1024K, 1 young (1024K), 0 survivors (0K)
 Metaspace       used 62246K, committed 62784K, reserved 1114112K
  class space    used 7932K, committed 8192K, reserved 1048576K
}
Event: 7013.324 GC heap after
{Heap after GC invocations=350 (full 253):
 garbage-first heap   total 116736K, used 40953K [0x00000000c0000000, 0x0000000100000000)
  region size 1024K, 0 young (0K), 0 survivors (0K)
 Metaspace       used 62246K, committed 62784K, reserved 1114112K
  class space    used 7932K, committed 8192K, reserved 1048576K
}
Event: 7023.553 GC heap before
{Heap before GC invocations=350 (full 253):
 garbage-first heap   total 116736K, used 40953K [0x00000000c0000000, 0x0000000100000000)
  region size 1024K, 1 young (1024K), 0 survivors (0K)
 Metaspace       used 62246K, committed 62784K, reserved 1114112K
  class space    used 7932K, committed 8192K, reserved 1048576K
}
Event: 7023.604 GC heap after
{Heap after GC invocations=351 (full 254):
 garbage-first heap   total 116736K, used 40953K [0x00000000c0000000, 0x0000000100000000)
  region size 1024K, 0 young (0K), 0 survivors (0K)
 Metaspace       used 62246K, committed 62784K, reserved 1114112K
  class space    used 7932K, committed 8192K, reserved 1048576K
}
Event: 7033.821 GC heap before
{Heap before GC invocations=351 (full 254):
 garbage-first heap   total 116736K, used 40953K [0x00000000c0000000, 0x0000000100000000)
  region size 1024K, 1 young (1024K), 0 survivors (0K)
 Metaspace       used 62246K, committed 62784K, reserved 1114112K
  class space    used 7932K, committed 8192K, reserved 1048576K
}
Event: 7033.878 GC heap after
{Heap after GC invocations=352 (full 255):
 garbage-first heap   total 116736K, used 40953K [0x00000000c0000000, 0x0000000100000000)
  region size 1024K, 0 young (0K), 0 survivors (0K)
 Metaspace       used 62246K, committed 62784K, reserved 1114112K
  class space    used 7932K, committed 8192K, reserved 1048576K
}
Event: 7044.192 GC heap before
{Heap before GC invocations=352 (full 255):
 garbage-first heap   total 116736K, used 40953K [0x00000000c0000000, 0x0000000100000000)
  region size 1024K, 1 young (1024K), 0 survivors (0K)
 Metaspace       used 62246K, committed 62784K, reserved 1114112K
  class space    used 7932K, committed 8192K, reserved 1048576K
}
Event: 7044.254 GC heap after
{Heap after GC invocations=353 (full 256):
 garbage-first heap   total 116736K, used 40953K [0x00000000c0000000, 0x0000000100000000)
  region size 1024K, 0 young (0K), 0 survivors (0K)
 Metaspace       used 62246K, committed 62784K, reserved 1114112K
  class space    used 7932K, committed 8192K, reserved 1048576K
}

Dll operation events (10 events):
Event: 0.055 Loaded shared library c:\Users\SUHWAN HYUN\.vscode\extensions\redhat.java-1.30.0-win32-x64\jre\17.0.10-win32-x86_64\bin\java.dll
Event: 1.540 Loaded shared library C:\Users\SUHWAN HYUN\.vscode\extensions\redhat.java-1.30.0-win32-x64\jre\17.0.10-win32-x86_64\bin\net.dll
Event: 1.545 Loaded shared library C:\Users\SUHWAN HYUN\.vscode\extensions\redhat.java-1.30.0-win32-x64\jre\17.0.10-win32-x86_64\bin\nio.dll
Event: 3.798 Loaded shared library C:\Users\SUHWAN HYUN\.vscode\extensions\redhat.java-1.30.0-win32-x64\jre\17.0.10-win32-x86_64\bin\zip.dll
Event: 33.024 Loaded shared library C:\Users\SUHWAN HYUN\.vscode\extensions\redhat.java-1.30.0-win32-x64\jre\17.0.10-win32-x86_64\bin\jimage.dll
Event: 36.925 Loaded shared library c:\Users\SUHWAN HYUN\.vscode\extensions\redhat.java-1.30.0-win32-x64\jre\17.0.10-win32-x86_64\bin\verify.dll
Event: 46.836 Loaded shared library C:\Users\SUHWAN HYUN\.vscode\extensions\redhat.java-1.30.0-win32-x64\jre\17.0.10-win32-x86_64\bin\management.dll
Event: 46.841 Loaded shared library C:\Users\SUHWAN HYUN\.vscode\extensions\redhat.java-1.30.0-win32-x64\jre\17.0.10-win32-x86_64\bin\management_ext.dll
Event: 57.560 Loaded shared library C:\Users\SUHWAN HYUN\.vscode\extensions\redhat.java-1.30.0-win32-x64\jre\17.0.10-win32-x86_64\bin\sunmscapi.dll
Event: 58.786 Loaded shared library C:\Users\SUHWAN HYUN\.vscode\extensions\redhat.java-1.30.0-win32-x64\jre\17.0.10-win32-x86_64\bin\extnet.dll

Deoptimization events (20 events):
Event: 59.468 Thread 0x000001a9c24093d0 DEOPT PACKING pc=0x000001a9b4a8d424 sp=0x00000056577fef20
Event: 59.468 Thread 0x000001a9c24093d0 DEOPT UNPACKING pc=0x000001a9b4377143 sp=0x00000056577fe408 mode 0
Event: 60.142 Thread 0x000001a9c1845160 DEOPT PACKING pc=0x000001a9b4f6d604 sp=0x0000005656ffe6f0
Event: 60.142 Thread 0x000001a9c1845160 DEOPT UNPACKING pc=0x000001a9b4377143 sp=0x0000005656ffdb98 mode 0
Event: 60.165 Thread 0x000001a9c1845160 DEOPT PACKING pc=0x000001a9b48b82d2 sp=0x0000005656ffe260
Event: 60.165 Thread 0x000001a9c1845160 DEOPT UNPACKING pc=0x000001a9b4377143 sp=0x0000005656ffd768 mode 3
Event: 61.141 Thread 0x000001a9c1845160 DEOPT PACKING pc=0x000001a9b4e4ad8c sp=0x0000005656ffe360
Event: 61.141 Thread 0x000001a9c1845160 DEOPT UNPACKING pc=0x000001a9b4377143 sp=0x0000005656ffd8e0 mode 0
Event: 61.141 Thread 0x000001a9c1845160 DEOPT PACKING pc=0x000001a9b4e4ad8c sp=0x0000005656ffe5c0
Event: 61.141 Thread 0x000001a9c1845160 DEOPT UNPACKING pc=0x000001a9b4377143 sp=0x0000005656ffdb40 mode 0
Event: 61.149 Thread 0x000001a9c1845160 DEOPT PACKING pc=0x000001a9b4e4ad8c sp=0x0000005656ffea40
Event: 61.149 Thread 0x000001a9c1845160 DEOPT UNPACKING pc=0x000001a9b4377143 sp=0x0000005656ffdfc0 mode 0
Event: 131.342 Thread 0x000001a9c2407a80 DEOPT PACKING pc=0x000001a9b4e4cd34 sp=0x00000056579fde10
Event: 131.342 Thread 0x000001a9c2407a80 DEOPT UNPACKING pc=0x000001a9b4377143 sp=0x00000056579fd360 mode 0
Event: 660.409 Thread 0x000001a9c168d700 DEOPT PACKING pc=0x000001a9b49c1454 sp=0x00000056564feb50
Event: 660.409 Thread 0x000001a9c168d700 DEOPT UNPACKING pc=0x000001a9b4377143 sp=0x00000056564fdfd8 mode 0
Event: 819.182 Thread 0x000001a9c30a86a0 DEOPT PACKING pc=0x000001a9b537a2cc sp=0x00000056544fe080
Event: 819.182 Thread 0x000001a9c30a86a0 DEOPT UNPACKING pc=0x000001a9b4377143 sp=0x00000056544fd528 mode 0
Event: 819.182 Thread 0x000001a9c30a86a0 DEOPT PACKING pc=0x000001a9b537cb34 sp=0x00000056544fe220
Event: 819.182 Thread 0x000001a9c30a86a0 DEOPT UNPACKING pc=0x000001a9b4377143 sp=0x00000056544fd758 mode 0

Classes unloaded (20 events):
Event: 4927.540 Thread 0x000001a9bc4978a0 Unloading class 0x0000000100408000 'jdk/internal/reflect/GeneratedConstructorAccessor80'
Event: 4927.540 Thread 0x000001a9bc4978a0 Unloading class 0x00000001003b4800 'jdk/internal/reflect/GeneratedMethodAccessor51'
Event: 4927.540 Thread 0x000001a9bc4978a0 Unloading class 0x00000001003b1800 'jdk/internal/reflect/GeneratedConstructorAccessor79'
Event: 4927.540 Thread 0x000001a9bc4978a0 Unloading class 0x00000001003b0800 'jdk/internal/reflect/GeneratedMethodAccessor50'
Event: 4927.540 Thread 0x000001a9bc4978a0 Unloading class 0x00000001003b0400 'jdk/internal/reflect/GeneratedMethodAccessor49'
Event: 4927.540 Thread 0x000001a9bc4978a0 Unloading class 0x00000001003aac00 'jdk/internal/reflect/GeneratedMethodAccessor48'
Event: 5229.125 Thread 0x000001a9bc4978a0 Unloading class 0x00000001003aac00 'jdk/internal/reflect/GeneratedMethodAccessor57'
Event: 5229.125 Thread 0x000001a9bc4978a0 Unloading class 0x00000001003b0400 'jdk/internal/reflect/GeneratedConstructorAccessor82'
Event: 5229.125 Thread 0x000001a9bc4978a0 Unloading class 0x00000001003b0800 'jdk/internal/reflect/GeneratedMethodAccessor56'
Event: 5229.125 Thread 0x000001a9bc4978a0 Unloading class 0x00000001003b1800 'jdk/internal/reflect/GeneratedConstructorAccessor81'
Event: 5229.125 Thread 0x000001a9bc4978a0 Unloading class 0x00000001003b4800 'jdk/internal/reflect/GeneratedMethodAccessor55'
Event: 5229.125 Thread 0x000001a9bc4978a0 Unloading class 0x0000000100408000 'jdk/internal/reflect/GeneratedMethodAccessor54'
Event: 5229.125 Thread 0x000001a9bc4978a0 Unloading class 0x00000001003a4400 'jdk/internal/reflect/GeneratedMethodAccessor53'
Event: 6698.001 Thread 0x000001a9bc4978a0 Unloading class 0x00000001007e5c00 'jdk/internal/reflect/GeneratedMethodAccessor64'
Event: 6698.001 Thread 0x000001a9bc4978a0 Unloading class 0x00000001007e6800 'jdk/internal/reflect/GeneratedConstructorAccessor86'
Event: 6698.001 Thread 0x000001a9bc4978a0 Unloading class 0x00000001003a4400 'jdk/internal/reflect/GeneratedMethodAccessor63'
Event: 6698.001 Thread 0x000001a9bc4978a0 Unloading class 0x0000000100408000 'jdk/internal/reflect/GeneratedConstructorAccessor85'
Event: 6698.001 Thread 0x000001a9bc4978a0 Unloading class 0x00000001003b4800 'jdk/internal/reflect/GeneratedMethodAccessor62'
Event: 6698.001 Thread 0x000001a9bc4978a0 Unloading class 0x00000001003b1800 'jdk/internal/reflect/GeneratedMethodAccessor61'
Event: 6698.001 Thread 0x000001a9bc4978a0 Unloading class 0x00000001003b0800 'jdk/internal/reflect/GeneratedMethodAccessor60'

Classes redefined (0 events):
No events

Internal exceptions (20 events):
Event: 6627.263 Thread 0x000001a9c30a86a0 Exception <a 'java/lang/ClassCastException'{0x00000000c4b8d8d0}> (0x00000000c4b8d8d0) 
thrown [s\src\hotspot\share\runtime\sharedRuntime.cpp, line 631]
Event: 6627.265 Thread 0x000001a9c30a86a0 Implicit null exception at 0x000001a9b54f6c3e to 0x000001a9b54f70b6
Event: 6627.265 Thread 0x000001a9c30a86a0 Exception <a 'java/lang/NullPointerException'{0x00000000c4ba6528}> (0x00000000c4ba6528) 
thrown [s\src\hotspot\share\runtime\sharedRuntime.cpp, line 631]
Event: 6627.265 Thread 0x000001a9c30a86a0 Implicit null exception at 0x000001a9b54f6c3e to 0x000001a9b54f70b6
Event: 6627.265 Thread 0x000001a9c30a86a0 Exception <a 'java/lang/NullPointerException'{0x00000000c4ba6ec8}> (0x00000000c4ba6ec8) 
thrown [s\src\hotspot\share\runtime\sharedRuntime.cpp, line 631]
Event: 6627.265 Thread 0x000001a9c30a86a0 Implicit null exception at 0x000001a9b54f6c3e to 0x000001a9b54f70b6
Event: 6627.266 Thread 0x000001a9c30a86a0 Exception <a 'java/lang/NullPointerException'{0x00000000c4ba8230}> (0x00000000c4ba8230) 
thrown [s\src\hotspot\share\runtime\sharedRuntime.cpp, line 631]
Event: 6627.266 Thread 0x000001a9c30a86a0 Implicit null exception at 0x000001a9b54f6c3e to 0x000001a9b54f70b6
Event: 6627.266 Thread 0x000001a9c30a86a0 Exception <a 'java/lang/NullPointerException'{0x00000000c4ba9a20}> (0x00000000c4ba9a20) 
thrown [s\src\hotspot\share\runtime\sharedRuntime.cpp, line 631]
Event: 6627.266 Thread 0x000001a9c30a86a0 Implicit null exception at 0x000001a9b54f6c3e to 0x000001a9b54f70b6
Event: 6627.266 Thread 0x000001a9c30a86a0 Exception <a 'java/lang/NullPointerException'{0x00000000c4baad38}> (0x00000000c4baad38) 
thrown [s\src\hotspot\share\runtime\sharedRuntime.cpp, line 631]
Event: 6627.266 Thread 0x000001a9c30a86a0 Implicit null exception at 0x000001a9b54f6c3e to 0x000001a9b54f70b6
Event: 6627.266 Thread 0x000001a9c30a86a0 Exception <a 'java/lang/NullPointerException'{0x00000000c4babe30}> (0x00000000c4babe30) 
thrown [s\src\hotspot\share\runtime\sharedRuntime.cpp, line 631]
Event: 6627.266 Thread 0x000001a9c30a86a0 Implicit null exception at 0x000001a9b54f6c3e to 0x000001a9b54f70b6
Event: 6627.266 Thread 0x000001a9c30a86a0 Exception <a 'java/lang/NullPointerException'{0x00000000c4bacc48}> (0x00000000c4bacc48) 
thrown [s\src\hotspot\share\runtime\sharedRuntime.cpp, line 631]
Event: 6627.268 Thread 0x000001a9c30a86a0 Exception <a 'java/lang/ClassCastException'{0x00000000c4bc36d0}> (0x00000000c4bc36d0) 
thrown [s\src\hotspot\share\runtime\sharedRuntime.cpp, line 631]
Event: 6627.270 Thread 0x000001a9c30a86a0 Exception <a 'java/lang/ClassCastException'{0x00000000c4bd45c8}> (0x00000000c4bd45c8) 
thrown [s\src\hotspot\share\runtime\sharedRuntime.cpp, line 631]
Event: 6627.294 Thread 0x000001a9c30a86a0 Exception <a 'java/lang/ClassCastException'{0x00000000c4a438e8}> (0x00000000c4a438e8) 
thrown [s\src\hotspot\share\runtime\sharedRuntime.cpp, line 631]
Event: 6627.316 Thread 0x000001a9c30a86a0 Exception <a 'java/lang/ClassCastException'{0x00000000c4a9a3f0}> (0x00000000c4a9a3f0) 
thrown [s\src\hotspot\share\runtime\sharedRuntime.cpp, line 631]
Event: 6749.659 Thread 0x000001a9c30aa500 Exception <a 'java/lang/ClassCastException'{0x00000000c6eeeac8}> (0x00000000c6eeeac8) 
thrown [s\src\hotspot\share\runtime\sharedRuntime.cpp, line 631]

VM Operations (20 events):
Event: 6951.382 Executing VM operation: G1CollectFull done
Event: 6961.663 Executing VM operation: G1CollectFull
Event: 6961.721 Executing VM operation: G1CollectFull done
Event: 6971.933 Executing VM operation: G1CollectFull
Event: 6971.991 Executing VM operation: G1CollectFull done
Event: 6982.203 Executing VM operation: G1CollectFull
Event: 6982.255 Executing VM operation: G1CollectFull done
Event: 6992.598 Executing VM operation: G1CollectFull
Event: 6992.676 Executing VM operation: G1CollectFull done
Event: 7002.926 Executing VM operation: G1CollectFull
Event: 7002.996 Executing VM operation: G1CollectFull done
Event: 7013.258 Executing VM operation: G1CollectFull
Event: 7013.324 Executing VM operation: G1CollectFull done
Event: 7023.553 Executing VM operation: G1CollectFull
Event: 7023.604 Executing VM operation: G1CollectFull done
Event: 7033.821 Executing VM operation: G1CollectFull
Event: 7033.879 Executing VM operation: G1CollectFull done
Event: 7044.192 Executing VM operation: G1CollectFull
Event: 7044.254 Executing VM operation: G1CollectFull done
Event: 7054.451 Executing VM operation: G1CollectFull

Events (20 events):
Event: 6667.677 Thread 0x000001a9c30a95d0 Thread exited: 0x000001a9c30a95d0
Event: 6687.361 Thread 0x000001a9c30a86a0 Thread exited: 0x000001a9c30a86a0
Event: 6687.376 Thread 0x000001a9c30ab940 Thread exited: 0x000001a9c30ab940
Event: 6687.376 Thread 0x000001a9c30acd80 Thread exited: 0x000001a9c30acd80
Event: 6687.376 Thread 0x000001a9c30aebe0 Thread exited: 0x000001a9c30aebe0
Event: 6694.095 Thread 0x000001a9c30ac870 Thread exited: 0x000001a9c30ac870
Event: 6714.941 Thread 0x000001a9c30aa500 Thread exited: 0x000001a9c30aa500
Event: 6716.420 Thread 0x000001a9c30a7770 Thread exited: 0x000001a9c30a7770
Event: 6749.613 Thread 0x000001a9c30ac360 Thread added: 0x000001a9c30ac360
Event: 6749.617 Thread 0x000001a9c30aa500 Thread added: 0x000001a9c30aa500
Event: 6788.954 Thread 0x000001a9c30a86a0 Thread added: 0x000001a9c30a86a0
Event: 6789.076 Thread 0x000001a9c30aebe0 Thread added: 0x000001a9c30aebe0
Event: 6789.366 Thread 0x000001a9c30ad7a0 Thread added: 0x000001a9c30ad7a0
Event: 6809.343 Thread 0x000001a9c30a9ae0 Thread added: 0x000001a9c30a9ae0
Event: 6849.370 Thread 0x000001a9c30ac360 Thread exited: 0x000001a9c30ac360
Event: 6923.969 Thread 0x000001a9c30aebe0 Thread exited: 0x000001a9c30aebe0
Event: 6925.599 Thread 0x000001a9c30a9ae0 Thread exited: 0x000001a9c30a9ae0
Event: 6928.515 Thread 0x000001a9c30aa500 Thread exited: 0x000001a9c30aa500
Event: 6944.650 Thread 0x000001a9c30a86a0 Thread exited: 0x000001a9c30a86a0
Event: 6944.650 Thread 0x000001a9c30ad7a0 Thread exited: 0x000001a9c30ad7a0


Dynamic libraries:
0x00007ff70e710000 - 0x00007ff70e71e000 	c:\Users\SUHWAN HYUN\.vscode\extensions\redhat.java-1.30.0-win32-x64\jre\17.0.10-win32-x86_64\bin\java.exe
0x00007ff9965f0000 - 0x00007ff996806000 	C:\WINDOWS\SYSTEM32\ntdll.dll
0x00007ff995bf0000 - 0x00007ff995cb4000 	C:\WINDOWS\System32\KERNEL32.DLL
0x00007ff993a30000 - 0x00007ff993dd7000 	C:\WINDOWS\System32\KERNELBASE.dll
0x00007ff990cc0000 - 0x00007ff990d57000 	C:\WINDOWS\SYSTEM32\apphelp.dll
0x00007ff993de0000 - 0x00007ff993ef1000 	C:\WINDOWS\System32\ucrtbase.dll
0x00007ff960bf0000 - 0x00007ff960c07000 	c:\Users\SUHWAN HYUN\.vscode\extensions\redhat.java-1.30.0-win32-x64\jre\17.0.10-win32-x86_64\bin\jli.dll
0x00007ff995cc0000 - 0x00007ff995e6e000 	C:\WINDOWS\System32\USER32.dll
0x00007ff993910000 - 0x00007ff993936000 	C:\WINDOWS\System32\win32u.dll
0x00007ff995ec0000 - 0x00007ff995ee9000 	C:\WINDOWS\System32\GDI32.dll
0x00007ff993f70000 - 0x00007ff994089000 	C:\WINDOWS\System32\gdi32full.dll
0x00007ff994090000 - 0x00007ff99412a000 	C:\WINDOWS\System32\msvcp_win.dll
0x00007ff960a70000 - 0x00007ff960a8b000 	c:\Users\SUHWAN HYUN\.vscode\extensions\redhat.java-1.30.0-win32-x64\jre\17.0.10-win32-x86_64\bin\VCRUNTIME140.dll
0x00007ff982440000 - 0x00007ff9826d3000 	C:\WINDOWS\WinSxS\amd64_microsoft.windows.common-controls_6595b64144ccf1df_6.0.22621.3235_none_270f74e173860f98\COMCTL32.dll
0x00007ff994b30000 - 0x00007ff994bd7000 	C:\WINDOWS\System32\msvcrt.dll
0x00007ff9951a0000 - 0x00007ff9951d1000 	C:\WINDOWS\System32\IMM32.DLL
0x00007ff981b40000 - 0x00007ff981b4c000 	c:\Users\SUHWAN HYUN\.vscode\extensions\redhat.java-1.30.0-win32-x64\jre\17.0.10-win32-x86_64\bin\vcruntime140_1.dll
0x00007ff95de60000 - 0x00007ff95deed000 	c:\Users\SUHWAN HYUN\.vscode\extensions\redhat.java-1.30.0-win32-x64\jre\17.0.10-win32-x86_64\bin\msvcp140.dll
0x00007ff8e48b0000 - 0x00007ff8e5512000 	c:\Users\SUHWAN HYUN\.vscode\extensions\redhat.java-1.30.0-win32-x64\jre\17.0.10-win32-x86_64\bin\server\jvm.dll
0x00007ff996250000 - 0x00007ff996302000 	C:\WINDOWS\System32\ADVAPI32.dll
0x00007ff9950f0000 - 0x00007ff995198000 	C:\WINDOWS\System32\sechost.dll
0x00007ff993940000 - 0x00007ff993968000 	C:\WINDOWS\System32\bcrypt.dll
0x00007ff996430000 - 0x00007ff996545000 	C:\WINDOWS\System32\RPCRT4.dll
0x00007ff9927b0000 - 0x00007ff9927fd000 	C:\WINDOWS\SYSTEM32\POWRPROF.dll
0x00007ff981500000 - 0x00007ff981509000 	C:\WINDOWS\SYSTEM32\WSOCK32.dll
0x00007ff996310000 - 0x00007ff996381000 	C:\WINDOWS\System32\WS2_32.dll
0x00007ff98bd30000 - 0x00007ff98bd3a000 	C:\WINDOWS\SYSTEM32\VERSION.dll
0x00007ff98b8a0000 - 0x00007ff98b8d4000 	C:\WINDOWS\SYSTEM32\WINMM.dll
0x00007ff992790000 - 0x00007ff9927a3000 	C:\WINDOWS\SYSTEM32\UMPDC.dll
0x00007ff992a40000 - 0x00007ff992a58000 	C:\WINDOWS\SYSTEM32\kernel.appcore.dll
0x00007ff981b10000 - 0x00007ff981b1a000 	c:\Users\SUHWAN HYUN\.vscode\extensions\redhat.java-1.30.0-win32-x64\jre\17.0.10-win32-x86_64\bin\jimage.dll
0x00007ff97b690000 - 0x00007ff97b8c3000 	C:\WINDOWS\SYSTEM32\DBGHELP.DLL
0x00007ff994320000 - 0x00007ff9946a8000 	C:\WINDOWS\System32\combase.dll
0x00007ff9960c0000 - 0x00007ff996197000 	C:\WINDOWS\System32\OLEAUT32.dll
0x00007ff97b400000 - 0x00007ff97b432000 	C:\WINDOWS\SYSTEM32\dbgcore.DLL
0x00007ff994130000 - 0x00007ff9941a9000 	C:\WINDOWS\System32\bcryptPrimitives.dll
0x00007ff960a40000 - 0x00007ff960a65000 	c:\Users\SUHWAN HYUN\.vscode\extensions\redhat.java-1.30.0-win32-x64\jre\17.0.10-win32-x86_64\bin\java.dll
0x00007ff960a20000 - 0x00007ff960a38000 	c:\Users\SUHWAN HYUN\.vscode\extensions\redhat.java-1.30.0-win32-x64\jre\17.0.10-win32-x86_64\bin\zip.dll
0x00007ff995390000 - 0x00007ff995bec000 	C:\WINDOWS\System32\SHELL32.dll
0x00007ff991880000 - 0x00007ff992179000 	C:\WINDOWS\SYSTEM32\windows.storage.dll
0x00007ff991740000 - 0x00007ff99187e000 	C:\WINDOWS\SYSTEM32\wintypes.dll
0x00007ff995290000 - 0x00007ff995383000 	C:\WINDOWS\System32\SHCORE.dll
0x00007ff995ef0000 - 0x00007ff995f4e000 	C:\WINDOWS\System32\shlwapi.dll
0x00007ff993840000 - 0x00007ff993861000 	C:\WINDOWS\SYSTEM32\profapi.dll
0x00007ff960a00000 - 0x00007ff960a19000 	C:\Users\SUHWAN HYUN\.vscode\extensions\redhat.java-1.30.0-win32-x64\jre\17.0.10-win32-x86_64\bin\net.dll
0x00007ff98bad0000 - 0x00007ff98bc06000 	C:\WINDOWS\SYSTEM32\WINHTTP.dll
0x00007ff992eb0000 - 0x00007ff992f19000 	C:\WINDOWS\system32\mswsock.dll
0x00007ff95de40000 - 0x00007ff95de56000 	C:\Users\SUHWAN HYUN\.vscode\extensions\redhat.java-1.30.0-win32-x64\jre\17.0.10-win32-x86_64\bin\nio.dll
0x00007ff975860000 - 0x00007ff975870000 	c:\Users\SUHWAN HYUN\.vscode\extensions\redhat.java-1.30.0-win32-x64\jre\17.0.10-win32-x86_64\bin\verify.dll
0x00007ff993110000 - 0x00007ff99312b000 	C:\WINDOWS\SYSTEM32\CRYPTSP.dll
0x00007ff9929a0000 - 0x00007ff9929d5000 	C:\WINDOWS\system32\rsaenh.dll
0x00007ff992fb0000 - 0x00007ff992fd8000 	C:\WINDOWS\SYSTEM32\USERENV.dll
0x00007ff993130000 - 0x00007ff99313c000 	C:\WINDOWS\SYSTEM32\CRYPTBASE.dll
0x00007ff992450000 - 0x00007ff99247d000 	C:\WINDOWS\SYSTEM32\IPHLPAPI.DLL
0x00007ff995200000 - 0x00007ff995209000 	C:\WINDOWS\System32\NSI.dll
0x00007ff98bc60000 - 0x00007ff98bc79000 	C:\WINDOWS\SYSTEM32\dhcpcsvc6.DLL
0x00007ff98b880000 - 0x00007ff98b89f000 	C:\WINDOWS\SYSTEM32\dhcpcsvc.DLL
0x00007ff9924c0000 - 0x00007ff9925b9000 	C:\WINDOWS\SYSTEM32\DNSAPI.dll
0x00007ff98d360000 - 0x00007ff98d369000 	C:\Users\SUHWAN HYUN\.vscode\extensions\redhat.java-1.30.0-win32-x64\jre\17.0.10-win32-x86_64\bin\management.dll
0x00007ff98d2b0000 - 0x00007ff98d2bb000 	C:\Users\SUHWAN HYUN\.vscode\extensions\redhat.java-1.30.0-win32-x64\jre\17.0.10-win32-x86_64\bin\management_ext.dll
0x00007ff9960b0000 - 0x00007ff9960b8000 	C:\WINDOWS\System32\PSAPI.DLL
0x00007ff98ec20000 - 0x00007ff98ec2e000 	C:\Users\SUHWAN HYUN\.vscode\extensions\redhat.java-1.30.0-win32-x64\jre\17.0.10-win32-x86_64\bin\sunmscapi.dll
0x00007ff9941b0000 - 0x00007ff994317000 	C:\WINDOWS\System32\CRYPT32.dll
0x00007ff9932b0000 - 0x00007ff9932de000 	C:\WINDOWS\SYSTEM32\ncrypt.dll
0x00007ff993270000 - 0x00007ff9932a7000 	C:\WINDOWS\SYSTEM32\NTASN1.dll
0x00007ff984f40000 - 0x00007ff984f4a000 	C:\Windows\System32\rasadhlp.dll
0x00007ff989ac0000 - 0x00007ff989b43000 	C:\WINDOWS\System32\fwpuclnt.dll
0x00007ff98dc90000 - 0x00007ff98dc99000 	C:\Users\SUHWAN HYUN\.vscode\extensions\redhat.java-1.30.0-win32-x64\jre\17.0.10-win32-x86_64\bin\extnet.dll

dbghelp: loaded successfully - version: 4.0.5 - missing functions: none
symbol engine: initialized successfully - sym options: 0x614 - pdb path: .;c:\Users\SUHWAN HYUN\.vscode\extensions\redhat.java-1.30.0-win32-x64\jre\17.0.10-win32-x86_64\bin;C:\WINDOWS\SYSTEM32;C:\WINDOWS\WinSxS\amd64_microsoft.windows.common-controls_6595b64144ccf1df_6.0.22621.3235_none_270f74e173860f98;c:\Users\SUHWAN HYUN\.vscode\extensions\redhat.java-1.30.0-win32-x64\jre\17.0.10-win32-x86_64\bin\server

VM Arguments:
jvm_args: -Xmx1024m -Dsts.lsp.client=vscode -Dsts.log.file=/dev/null -XX:TieredStopAtLevel=1 -Xlog:jni+resolve=off -Dspring.config.location=file:c:\Users\SUHWAN HYUN\.vscode\extensions\vmware.vscode-spring-boot-1.54.0\language-server\BOOT-INF\classes\application.properties 
java_command: org.springframework.ide.vscode.boot.app.BootLanguageServerBootApp
java_class_path (initial): c:\Users\SUHWAN HYUN\.vscode\extensions\vmware.vscode-spring-boot-1.54.0\language-server\BOOT-INF\classes;c:\Users\SUHWAN HYUN\.vscode\extensions\vmware.vscode-spring-boot-1.54.0\language-server\BOOT-INF\lib\annotations-24.1.0.jar;c:\Users\SUHWAN HYUN\.vscode\extensions\vmware.vscode-spring-boot-1.54.0\language-server\BOOT-INF\lib\antlr4-runtime-4.13.1.jar;c:\Users\SUHWAN HYUN\.vscode\extensions\vmware.vscode-spring-boot-1.54.0\language-server\BOOT-INF\lib\asm-9.7.jar;c:\Users\SUHWAN HYUN\.vscode\extensions\vmware.vscode-spring-boot-1.54.0\language-server\BOOT-INF\lib\asm-analysis-9.7.jar;c:\Users\SUHWAN HYUN\.vscode\extensions\vmware.vscode-spring-boot-1.54.0\language-server\BOOT-INF\lib\asm-tree-9.7.jar;c:\Users\SUHWAN HYUN\.vscode\extensions\vmware.vscode-spring-boot-1.54.0\language-server\BOOT-INF\lib\asm-util-9.7.jar;c:\Users\SUHWAN HYUN\.vscode\extensions\vmware.vscode-spring-boot-1.54.0\language-server\BOOT-INF\lib\caffeine-3.1.8.jar;c:\Users\SUHWAN HYUN\.vscode\extensions\vmware.vscode-spring-boot-1.54.0\language-server\BOOT-INF\lib\checker-qual-3.12.0.jar;c:\Users\SUHWAN HYUN\.vscode\extensions\vmware.vscode-spring-boot-1.54.0\language-server\BOOT-INF\lib\classgraph-4.8.149.jar;c:\Users\SUHWAN HYUN\.vscode\extensions\vmware.vscode-spring-boot-1.54.0\language-server\BOOT-INF\lib\commons-codec-1.16.1.jar;c:\Users\SUHWAN HYUN\.vscode\extensions\vmware.vscode-spring-boot-1.54.0\language-server\BOOT-INF\lib\commons-compress-1.26.1.jar;c:\Users\SUHWAN HYUN\.vscode\extensions\vmware.vscode-spring-boot-1.54.0\language-server\BOOT-INF\lib\commons-io-2.4.jar;c:\Users\SUHWAN HYUN\.vscode\extensions\vmware.vscode-spring-boot-1.54.0\language-server\BOOT-INF\lib\commons-java-1.54.0-SNAPSHOT.jar;c:\Users\SUHWAN HYUN\.vscode\extensions\vmware.vscode-spring-boot-1.54.0\language-server\BOOT-INF\lib\commons-lang3-3.13.0.jar;c:\Users\SUHWAN HYUN\.vscode\extensions\vmware.vscode-spring-boot-1.54.0\language-server\BOOT-INF\lib\commons-language-server
Launcher Type: SUN_STANDARD

[Global flags]
     intx CICompilerCount                          = 4                                         {product} {ergonomic}
     uint ConcGCThreads                            = 2                                         {product} {ergonomic}
     uint G1ConcRefinementThreads                  = 8                                         {product} {ergonomic}
   size_t G1HeapRegionSize                         = 1048576                                   {product} {ergonomic}
    uintx GCDrainStackTargetSize                   = 64                                        {product} {ergonomic}
   size_t InitialHeapSize                          = 130023424                                 {product} {ergonomic}
   size_t MarkStackSize                            = 4194304                                   {product} {ergonomic}
   size_t MaxHeapSize                              = 1073741824                                {product} {command line}
   size_t MaxNewSize                               = 643825664                                 {product} {ergonomic}
   size_t MinHeapDeltaBytes                        = 1048576                                   {product} {ergonomic}
   size_t MinHeapSize                              = 8388608                                   {product} {ergonomic}
    uintx NonProfiledCodeHeapSize                  = 0                                      {pd product} {ergonomic}
     bool ProfileInterpreter                       = false                                  {pd product} {command line}
    uintx ProfiledCodeHeapSize                     = 0                                      {pd product} {ergonomic}
   size_t SoftMaxHeapSize                          = 1073741824                             {manageable} {ergonomic}
     intx TieredStopAtLevel                        = 1                                         {product} {command line}
     bool UseCompressedClassPointers               = true                           {product lp64_product} {ergonomic}
     bool UseCompressedOops                        = true                           {product lp64_product} {ergonomic}
     bool UseG1GC                                  = true                                      {product} {ergonomic}
     bool UseLargePagesIndividualAllocation        = false                                  {pd product} {ergonomic}

Logging:
Log output configuration:
 #0: stdout all=warning,jni+resolve=off uptime,level,tags
 #1: stderr all=off uptime,level,tags

Environment Variables:
JAVA_HOME=C:\Program Files\Java\jdk-17.0.2
CLASSPATH=C:\Program Files\Java\jdk-17.0.2lib;.;
PATH=C:\Program Files\Common Files\Oracle\Java\javapath;C:\Program Files (x86)\VMware\VMware Player\bin\;C:\Program Files (x86)\NAT Service;C:\WINDOWS\system32;C:\WINDOWS;C:\WINDOWS\System32\Wbem;C:\WINDOWS\System32\WindowsPowerShell\v1.0\;C:\WINDOWS\System32\OpenSSH\;C:\Users\SUHWAN HYUN;"C:\WINDOWS\System32;C:\WINDOWS";C:\Program Files\Java\jdk-17.0.2\bin;C:\Program Files\Git\cmd;C:\Program Files\Docker\Docker\resources\bin;C:\Program Files\Bandizip\;C:\Program Files\7-Zip;C:\Users\SUHWAN HYUN\AppData\Local\Microsoft\WindowsApps\PythonSoftwareFoundation.Python.3.11_qbz5n2kfra8p0;C:\Users\SUHWAN HYUN\AppData\Local\Packages\PythonSoftwareFoundation.Python.3.11_qbz5n2kfra8p0\LocalCache\local-packages\Python311\Scripts;C:\Program Files\Java\jdk-22\bin;C:\Program Files\MySQL\MySQL Server 8.0\bin;C:\Windows\System32;C:\Program Files\Amazon\AWSCLIV2\;C:\Users\SUHWAN HYUN\AppData\Local\Microsoft\WindowsApps;C:\Users\SUHWAN HYUN\AppData\Local\GitHubDesktop\bin;C:\Users\SUHWAN HYUN\AppData\Local\Programs\Microsoft VS Code\bin
USERNAME=SUHWAN HYUN
OS=Windows_NT
PROCESSOR_IDENTIFIER=Intel64 Family 6 Model 142 Stepping 10, GenuineIntel
TMP=C:\Users\SUHWAN~1\AppData\Local\Temp
TEMP=C:\Users\SUHWAN~1\AppData\Local\Temp



Periodic native trim disabled


---------------  S Y S T E M  ---------------

OS:
 Windows 11 , 64 bit Build 22621 (10.0.22621.3374)
OS uptime: 10 days 1:03 hours

CPU: total 8 (initial active 8) (4 cores per cpu, 2 threads per core) family 6 model 142 stepping 10 microcode 0xe0, cx8, cmov, fxsr, ht, mmx, 3dnowpref, sse, sse2, sse3, ssse3, sse4.1, sse4.2, popcnt, lzcnt, tsc, tscinvbit, avx, avx2, aes, erms, clmul, bmi1, bmi2, adx, fma, vzeroupper, clflush, clflushopt
Processor Information for all 8 processors :
  Max Mhz: 1800, Current Mhz: 1600, Mhz Limit: 1584

Memory: 4k page, system-wide physical 7833M (501M free)
TotalPageFile size 16025M (AvailPageFile size 13M)
current process WorkingSet (physical memory assigned to process): 212M, peak: 267M
current process commit charge ("private bytes"): 303M, peak: 322M

vm_info: OpenJDK 64-Bit Server VM (17.0.10+7) for windows-amd64 JRE (17.0.10+7), built on Jan 16 2024 23:25:11 by "admin" with MS VC++ 16.10 / 16.11 (VS2019)

END.
